2023-07-26 23:26:03,071 - 
device: 	cuda	
res_dir: 	./kuroshio_autoregressive	
ex_name: 	kuroshio_autoregressive	
use_gpu: 	True	
gpu: 	0	
seed: 	1	
batch_size: 	20	
val_batch_size: 	20	
data_root: 	/data/workspace/yancheng/MM/earthfarseer/data/	
dataname: 	kuroshio	
num_workers: 	8	
in_shape: 	[5, 2, 128, 128]	
hid_S: 	64	
hid_T: 	256	
N_S: 	4	
N_T: 	8	
groups: 	4	
epochs: 	500	
log_step: 	1	
lr: 	0.01	
2023-07-26 23:27:05,321 - 
device: 	cuda	
res_dir: 	./kuroshio_autoregressive	
ex_name: 	kuroshio_autoregressive	
use_gpu: 	True	
gpu: 	0	
seed: 	1	
batch_size: 	15	
val_batch_size: 	15	
data_root: 	/data/workspace/yancheng/MM/earthfarseer/data/	
dataname: 	kuroshio	
num_workers: 	8	
in_shape: 	[5, 2, 128, 128]	
hid_S: 	64	
hid_T: 	256	
N_S: 	4	
N_T: 	8	
groups: 	4	
epochs: 	500	
log_step: 	1	
lr: 	0.01	
2023-07-26 23:28:44,347 - 
device: 	cuda	
res_dir: 	./kuroshio_autoregressive	
ex_name: 	kuroshio_autoregressive	
use_gpu: 	True	
gpu: 	7	
seed: 	1	
batch_size: 	15	
val_batch_size: 	15	
data_root: 	/data/workspace/yancheng/MM/earthfarseer/data/	
dataname: 	kuroshio	
num_workers: 	8	
in_shape: 	[5, 2, 128, 128]	
hid_S: 	64	
hid_T: 	256	
N_S: 	4	
N_T: 	8	
groups: 	4	
epochs: 	500	
log_step: 	1	
lr: 	0.01	
2023-07-26 23:31:25,084 - RMSE: 0.11821248, L2 error: 0.01397419, Relative L2 error: 0.16238794,
2023-07-26 23:31:26,231 - Epoch: 1 | Train Loss: 0.00043112 Vali Loss: 0.00030269

2023-07-26 23:33:53,769 - RMSE: 0.11926329, L2 error: 0.01422373, Relative L2 error: 0.16528774,
2023-07-26 23:33:53,805 - Epoch: 2 | Train Loss: 0.00029149 Vali Loss: 0.00028299

2023-07-26 23:36:21,521 - RMSE: 0.11841997, L2 error: 0.01402329, Relative L2 error: 0.16295848,
2023-07-26 23:36:21,564 - Epoch: 3 | Train Loss: 0.00027723 Vali Loss: 0.00027283

2023-07-26 23:38:49,198 - RMSE: 0.11808338, L2 error: 0.01394368, Relative L2 error: 0.16203343,
2023-07-26 23:38:49,242 - Epoch: 4 | Train Loss: 0.00026768 Vali Loss: 0.00026719

2023-07-26 23:41:17,031 - RMSE: 0.11628235, L2 error: 0.01352158, Relative L2 error: 0.15712839,
2023-07-26 23:41:17,075 - Epoch: 5 | Train Loss: 0.00026096 Vali Loss: 0.00025789

2023-07-26 23:43:44,919 - RMSE: 0.11578668, L2 error: 0.01340655, Relative L2 error: 0.15579167,
2023-07-26 23:43:44,963 - Epoch: 6 | Train Loss: 0.00025652 Vali Loss: 0.00025897

2023-07-26 23:46:12,645 - RMSE: 0.11436673, L2 error: 0.01307975, Relative L2 error: 0.15199403,
2023-07-26 23:46:12,687 - Epoch: 7 | Train Loss: 0.00025522 Vali Loss: 0.00024579

2023-07-26 23:48:40,524 - RMSE: 0.11327651, L2 error: 0.01283157, Relative L2 error: 0.14911001,
2023-07-26 23:48:40,565 - Epoch: 8 | Train Loss: 0.00024802 Vali Loss: 0.00024195

2023-07-26 23:51:08,423 - RMSE: 0.11242103, L2 error: 0.01263849, Relative L2 error: 0.14686631,
2023-07-26 23:51:08,464 - Epoch: 9 | Train Loss: 0.00024283 Vali Loss: 0.00023803

2023-07-26 23:53:36,544 - RMSE: 0.11169714, L2 error: 0.01247625, Relative L2 error: 0.14498103,
2023-07-26 23:53:36,600 - Epoch: 10 | Train Loss: 0.00023999 Vali Loss: 0.00023629

2023-07-26 23:56:05,321 - RMSE: 0.11094353, L2 error: 0.01230847, Relative L2 error: 0.14303128,
2023-07-26 23:56:05,393 - Epoch: 11 | Train Loss: 0.00023860 Vali Loss: 0.00023902

2023-07-26 23:58:33,909 - RMSE: 0.11003344, L2 error: 0.01210736, Relative L2 error: 0.14069428,
2023-07-26 23:58:33,985 - Epoch: 12 | Train Loss: 0.00024257 Vali Loss: 0.00023808

2023-07-27 00:01:02,599 - RMSE: 0.10894080, L2 error: 0.01186810, Relative L2 error: 0.13791395,
2023-07-27 00:01:02,673 - Epoch: 13 | Train Loss: 0.00023720 Vali Loss: 0.00023882

2023-07-27 00:03:31,231 - RMSE: 0.10917830, L2 error: 0.01191990, Relative L2 error: 0.13851592,
2023-07-27 00:03:31,304 - Epoch: 14 | Train Loss: 0.00023530 Vali Loss: 0.00023397

2023-07-27 00:06:00,223 - RMSE: 0.10794202, L2 error: 0.01165148, Relative L2 error: 0.13539672,
2023-07-27 00:06:00,298 - Epoch: 15 | Train Loss: 0.00023415 Vali Loss: 0.00023163

2023-07-27 00:08:29,860 - RMSE: 0.10716558, L2 error: 0.01148446, Relative L2 error: 0.13345587,
2023-07-27 00:08:29,935 - Epoch: 16 | Train Loss: 0.00023076 Vali Loss: 0.00022964

2023-07-27 00:10:58,554 - RMSE: 0.10697208, L2 error: 0.01144303, Relative L2 error: 0.13297437,
2023-07-27 00:10:58,617 - Epoch: 17 | Train Loss: 0.00023445 Vali Loss: 0.00022691

2023-07-27 00:13:27,772 - RMSE: 0.10621808, L2 error: 0.01128228, Relative L2 error: 0.13110642,
2023-07-27 00:13:27,838 - Epoch: 18 | Train Loss: 0.00022850 Vali Loss: 0.00022407

2023-07-27 00:15:56,480 - RMSE: 0.10487600, L2 error: 0.01099897, Relative L2 error: 0.12781425,
2023-07-27 00:15:56,537 - Epoch: 19 | Train Loss: 0.00022655 Vali Loss: 0.00022361

2023-07-27 00:18:25,655 - RMSE: 0.10431533, L2 error: 0.01088169, Relative L2 error: 0.12645130,
2023-07-27 00:18:25,721 - Epoch: 20 | Train Loss: 0.00022443 Vali Loss: 0.00022592

2023-07-27 00:20:54,459 - RMSE: 0.10919523, L2 error: 0.01192360, Relative L2 error: 0.13855890,
2023-07-27 00:20:54,523 - Epoch: 21 | Train Loss: 0.00022774 Vali Loss: 0.00024542

2023-07-27 00:23:23,178 - RMSE: 0.10557001, L2 error: 0.01114503, Relative L2 error: 0.12951146,
2023-07-27 00:23:23,246 - Epoch: 22 | Train Loss: 0.00023116 Vali Loss: 0.00022669

2023-07-27 00:25:51,749 - RMSE: 0.10423730, L2 error: 0.01086542, Relative L2 error: 0.12626222,
2023-07-27 00:25:51,816 - Epoch: 23 | Train Loss: 0.00022501 Vali Loss: 0.00021999

2023-07-27 00:28:20,744 - RMSE: 0.10523238, L2 error: 0.01107385, Relative L2 error: 0.12868439,
2023-07-27 00:28:20,811 - Epoch: 24 | Train Loss: 0.00021990 Vali Loss: 0.00022815

2023-07-27 00:30:49,604 - RMSE: 0.09953131, L2 error: 0.00990648, Relative L2 error: 0.11511886,
2023-07-27 00:30:49,669 - Epoch: 25 | Train Loss: 0.00021534 Vali Loss: 0.00021035

2023-07-27 00:33:18,595 - RMSE: 0.09628351, L2 error: 0.00927051, Relative L2 error: 0.10772857,
2023-07-27 00:33:18,665 - Epoch: 26 | Train Loss: 0.00020860 Vali Loss: 0.00020458

2023-07-27 00:35:47,762 - RMSE: 0.09351721, L2 error: 0.00874547, Relative L2 error: 0.10162725,
2023-07-27 00:35:47,826 - Epoch: 27 | Train Loss: 0.00020276 Vali Loss: 0.00020336

2023-07-27 00:38:16,786 - RMSE: 0.09130989, L2 error: 0.00833750, Relative L2 error: 0.09688637,
2023-07-27 00:38:16,853 - Epoch: 28 | Train Loss: 0.00020148 Vali Loss: 0.00019937

2023-07-27 00:40:45,969 - RMSE: 0.09014454, L2 error: 0.00812604, Relative L2 error: 0.09442911,
2023-07-27 00:40:46,030 - Epoch: 29 | Train Loss: 0.00019372 Vali Loss: 0.00019704

2023-07-27 00:43:15,109 - RMSE: 0.08512173, L2 error: 0.00724571, Relative L2 error: 0.08419919,
2023-07-27 00:43:15,174 - Epoch: 30 | Train Loss: 0.00018947 Vali Loss: 0.00018593

2023-07-27 00:45:44,160 - RMSE: 0.08329158, L2 error: 0.00693749, Relative L2 error: 0.08061748,
2023-07-27 00:45:44,227 - Epoch: 31 | Train Loss: 0.00018452 Vali Loss: 0.00018443

2023-07-27 00:48:13,093 - RMSE: 0.08069281, L2 error: 0.00651133, Relative L2 error: 0.07566531,
2023-07-27 00:48:13,158 - Epoch: 32 | Train Loss: 0.00017902 Vali Loss: 0.00017883

2023-07-27 00:50:42,082 - RMSE: 0.07869395, L2 error: 0.00619274, Relative L2 error: 0.07196308,
2023-07-27 00:50:42,152 - Epoch: 33 | Train Loss: 0.00017561 Vali Loss: 0.00017397

2023-07-27 00:53:11,281 - RMSE: 0.07754213, L2 error: 0.00601278, Relative L2 error: 0.06987190,
2023-07-27 00:53:11,344 - Epoch: 34 | Train Loss: 0.00017257 Vali Loss: 0.00017206

2023-07-27 00:55:40,839 - RMSE: 0.07777646, L2 error: 0.00604918, Relative L2 error: 0.07029483,
2023-07-27 00:55:40,904 - Epoch: 35 | Train Loss: 0.00017079 Vali Loss: 0.00017382

2023-07-27 00:58:09,653 - RMSE: 0.07486796, L2 error: 0.00560521, Relative L2 error: 0.06513569,
2023-07-27 00:58:09,712 - Epoch: 36 | Train Loss: 0.00016803 Vali Loss: 0.00016448

2023-07-27 01:00:38,722 - RMSE: 0.07417849, L2 error: 0.00550245, Relative L2 error: 0.06394154,
2023-07-27 01:00:38,778 - Epoch: 37 | Train Loss: 0.00016394 Vali Loss: 0.00016856

2023-07-27 01:03:07,519 - RMSE: 0.07360971, L2 error: 0.00541839, Relative L2 error: 0.06296472,
2023-07-27 01:03:07,581 - Epoch: 38 | Train Loss: 0.00016308 Vali Loss: 0.00016592

2023-07-27 01:05:36,050 - RMSE: 0.07165235, L2 error: 0.00513406, Relative L2 error: 0.05966064,
2023-07-27 01:05:36,116 - Epoch: 39 | Train Loss: 0.00015928 Vali Loss: 0.00016336

2023-07-27 01:08:05,115 - RMSE: 0.07808626, L2 error: 0.00609746, Relative L2 error: 0.07085595,
2023-07-27 01:08:05,181 - Epoch: 40 | Train Loss: 0.00020978 Vali Loss: 0.00017768

2023-07-27 01:10:34,088 - RMSE: 0.07170637, L2 error: 0.00514180, Relative L2 error: 0.05975064,
2023-07-27 01:10:34,150 - Epoch: 41 | Train Loss: 0.00016479 Vali Loss: 0.00016187

2023-07-27 01:13:03,337 - RMSE: 0.07128333, L2 error: 0.00508131, Relative L2 error: 0.05904771,
2023-07-27 01:13:03,403 - Epoch: 42 | Train Loss: 0.00015712 Vali Loss: 0.00016411

2023-07-27 01:15:32,363 - RMSE: 0.06890862, L2 error: 0.00474840, Relative L2 error: 0.05517904,
2023-07-27 01:15:32,430 - Epoch: 43 | Train Loss: 0.00015482 Vali Loss: 0.00015395

2023-07-27 01:18:01,633 - RMSE: 0.07756373, L2 error: 0.00601613, Relative L2 error: 0.06991082,
2023-07-27 01:18:01,700 - Epoch: 44 | Train Loss: 0.00015390 Vali Loss: 0.00018145

2023-07-27 01:20:30,467 - RMSE: 0.06815588, L2 error: 0.00464522, Relative L2 error: 0.05398011,
2023-07-27 01:20:30,534 - Epoch: 45 | Train Loss: 0.00016153 Vali Loss: 0.00015539

2023-07-27 01:22:59,515 - RMSE: 0.06781089, L2 error: 0.00459832, Relative L2 error: 0.05343502,
2023-07-27 01:22:59,585 - Epoch: 46 | Train Loss: 0.00015048 Vali Loss: 0.00015490

2023-07-27 01:25:28,166 - RMSE: 0.06738495, L2 error: 0.00454073, Relative L2 error: 0.05276585,
2023-07-27 01:25:28,232 - Epoch: 47 | Train Loss: 0.00015071 Vali Loss: 0.00015374

2023-07-27 01:27:57,150 - RMSE: 0.06596498, L2 error: 0.00435138, Relative L2 error: 0.05056546,
2023-07-27 01:27:57,218 - Epoch: 48 | Train Loss: 0.00014702 Vali Loss: 0.00014948

2023-07-27 01:30:26,425 - RMSE: 0.09542318, L2 error: 0.00910558, Relative L2 error: 0.10581198,
2023-07-27 01:30:26,491 - Epoch: 49 | Train Loss: 0.00017473 Vali Loss: 0.00022451

2023-07-27 01:32:55,120 - RMSE: 0.07074221, L2 error: 0.00500446, Relative L2 error: 0.05815464,
2023-07-27 01:32:55,181 - Epoch: 50 | Train Loss: 0.00017973 Vali Loss: 0.00016373

2023-07-27 01:35:23,813 - RMSE: 0.06828316, L2 error: 0.00466259, Relative L2 error: 0.05418191,
2023-07-27 01:35:23,875 - Epoch: 51 | Train Loss: 0.00015319 Vali Loss: 0.00015400

2023-07-27 01:37:52,466 - RMSE: 0.06547119, L2 error: 0.00428648, Relative L2 error: 0.04981126,
2023-07-27 01:37:52,532 - Epoch: 52 | Train Loss: 0.00014855 Vali Loss: 0.00015070

2023-07-27 01:40:21,323 - RMSE: 0.07394779, L2 error: 0.00546827, Relative L2 error: 0.06354442,
2023-07-27 01:40:21,388 - Epoch: 53 | Train Loss: 0.00015219 Vali Loss: 0.00016921

2023-07-27 01:42:50,171 - RMSE: 0.06544527, L2 error: 0.00428308, Relative L2 error: 0.04977182,
2023-07-27 01:42:50,239 - Epoch: 54 | Train Loss: 0.00015379 Vali Loss: 0.00014709

2023-07-27 01:45:19,441 - RMSE: 0.06463282, L2 error: 0.00417740, Relative L2 error: 0.04854374,
2023-07-27 01:45:19,507 - Epoch: 55 | Train Loss: 0.00014532 Vali Loss: 0.00014585

2023-07-27 01:47:48,214 - RMSE: 0.06294685, L2 error: 0.00396231, Relative L2 error: 0.04604421,
2023-07-27 01:47:48,281 - Epoch: 56 | Train Loss: 0.00014256 Vali Loss: 0.00014232

2023-07-27 01:50:17,301 - RMSE: 0.06318162, L2 error: 0.00399192, Relative L2 error: 0.04638831,
2023-07-27 01:50:17,369 - Epoch: 57 | Train Loss: 0.00014285 Vali Loss: 0.00014337

2023-07-27 01:52:45,999 - RMSE: 0.06251777, L2 error: 0.00390847, Relative L2 error: 0.04541863,
2023-07-27 01:52:46,067 - Epoch: 58 | Train Loss: 0.00014043 Vali Loss: 0.00014062

2023-07-27 01:55:14,824 - RMSE: 0.06219376, L2 error: 0.00386806, Relative L2 error: 0.04494906,
2023-07-27 01:55:14,890 - Epoch: 59 | Train Loss: 0.00014073 Vali Loss: 0.00014317

2023-07-27 01:57:43,507 - RMSE: 0.06193859, L2 error: 0.00383639, Relative L2 error: 0.04458099,
2023-07-27 01:57:43,574 - Epoch: 60 | Train Loss: 0.00014110 Vali Loss: 0.00013892

2023-07-27 02:00:12,105 - RMSE: 0.06185814, L2 error: 0.00382643, Relative L2 error: 0.04446526,
2023-07-27 02:00:12,161 - Epoch: 61 | Train Loss: 0.00014266 Vali Loss: 0.00013977

2023-07-27 02:02:40,996 - RMSE: 0.06104679, L2 error: 0.00372671, Relative L2 error: 0.04330647,
2023-07-27 02:02:41,069 - Epoch: 62 | Train Loss: 0.00013855 Vali Loss: 0.00013914

2023-07-27 02:05:09,636 - RMSE: 0.06123561, L2 error: 0.00374980, Relative L2 error: 0.04357478,
2023-07-27 02:05:09,710 - Epoch: 63 | Train Loss: 0.00013740 Vali Loss: 0.00013842

2023-07-27 02:07:38,735 - RMSE: 0.06125028, L2 error: 0.00375160, Relative L2 error: 0.04359566,
2023-07-27 02:07:38,822 - Epoch: 64 | Train Loss: 0.00013646 Vali Loss: 0.00014057

2023-07-27 02:10:07,593 - RMSE: 0.08586561, L2 error: 0.00737290, Relative L2 error: 0.08567727,
2023-07-27 02:10:07,673 - Epoch: 65 | Train Loss: 0.00016640 Vali Loss: 0.00020962

2023-07-27 02:12:36,407 - RMSE: 0.06392922, L2 error: 0.00408695, Relative L2 error: 0.04749260,
2023-07-27 02:12:36,485 - Epoch: 66 | Train Loss: 0.00016647 Vali Loss: 0.00014521

2023-07-27 02:15:05,199 - RMSE: 0.06078925, L2 error: 0.00369533, Relative L2 error: 0.04294184,
2023-07-27 02:15:05,280 - Epoch: 67 | Train Loss: 0.00013885 Vali Loss: 0.00014085

2023-07-27 02:17:33,883 - RMSE: 0.06150528, L2 error: 0.00378290, Relative L2 error: 0.04395941,
2023-07-27 02:17:33,964 - Epoch: 68 | Train Loss: 0.00013626 Vali Loss: 0.00013989

2023-07-27 02:20:02,712 - RMSE: 0.05929364, L2 error: 0.00351574, Relative L2 error: 0.04085481,
2023-07-27 02:20:02,792 - Epoch: 69 | Train Loss: 0.00013519 Vali Loss: 0.00013906

2023-07-27 02:22:31,692 - RMSE: 0.05870073, L2 error: 0.00344578, Relative L2 error: 0.04004185,
2023-07-27 02:22:31,773 - Epoch: 70 | Train Loss: 0.00013489 Vali Loss: 0.00013224

2023-07-27 02:25:01,789 - RMSE: 0.05836396, L2 error: 0.00340635, Relative L2 error: 0.03958371,
2023-07-27 02:25:01,869 - Epoch: 71 | Train Loss: 0.00013306 Vali Loss: 0.00013358

2023-07-27 02:27:30,599 - RMSE: 0.06677994, L2 error: 0.00445956, Relative L2 error: 0.05182259,
2023-07-27 02:27:30,679 - Epoch: 72 | Train Loss: 0.00013321 Vali Loss: 0.00016580

2023-07-27 02:29:59,292 - RMSE: 0.11222217, L2 error: 0.01259382, Relative L2 error: 0.14634720,
2023-07-27 02:29:59,371 - Epoch: 73 | Train Loss: 0.00025809 Vali Loss: 0.00024472

2023-07-27 02:32:27,967 - RMSE: 0.11267979, L2 error: 0.01269674, Relative L2 error: 0.14754318,
2023-07-27 02:32:28,046 - Epoch: 74 | Train Loss: 0.00024292 Vali Loss: 0.00025093

2023-07-27 02:34:56,728 - RMSE: 0.11124986, L2 error: 0.01237653, Relative L2 error: 0.14382225,
2023-07-27 02:34:56,798 - Epoch: 75 | Train Loss: 0.00023982 Vali Loss: 0.00023916

2023-07-27 02:37:25,500 - RMSE: 0.10893583, L2 error: 0.01186701, Relative L2 error: 0.13790135,
2023-07-27 02:37:25,577 - Epoch: 76 | Train Loss: 0.00023595 Vali Loss: 0.00022891

2023-07-27 02:39:54,258 - RMSE: 0.10816485, L2 error: 0.01169963, Relative L2 error: 0.13595630,
2023-07-27 02:39:54,337 - Epoch: 77 | Train Loss: 0.00023204 Vali Loss: 0.00023405

2023-07-27 02:42:23,041 - RMSE: 0.10342158, L2 error: 0.01069602, Relative L2 error: 0.12429379,
2023-07-27 02:42:23,119 - Epoch: 78 | Train Loss: 0.00022868 Vali Loss: 0.00022627

2023-07-27 02:44:51,934 - RMSE: 0.08983233, L2 error: 0.00806985, Relative L2 error: 0.09377615,
2023-07-27 02:44:52,013 - Epoch: 79 | Train Loss: 0.00021410 Vali Loss: 0.00021102

2023-07-27 02:47:20,867 - RMSE: 0.07302191, L2 error: 0.00533220, Relative L2 error: 0.06196314,
2023-07-27 02:47:20,946 - Epoch: 80 | Train Loss: 0.00018363 Vali Loss: 0.00016645

2023-07-27 02:49:49,651 - RMSE: 0.06925487, L2 error: 0.00479624, Relative L2 error: 0.05573496,
2023-07-27 02:49:49,730 - Epoch: 81 | Train Loss: 0.00016420 Vali Loss: 0.00015811

2023-07-27 02:52:18,514 - RMSE: 0.06641107, L2 error: 0.00441043, Relative L2 error: 0.05125167,
2023-07-27 02:52:18,593 - Epoch: 82 | Train Loss: 0.00015237 Vali Loss: 0.00015700

2023-07-27 02:54:47,533 - RMSE: 0.06504724, L2 error: 0.00423114, Relative L2 error: 0.04916826,
2023-07-27 02:54:47,612 - Epoch: 83 | Train Loss: 0.00014801 Vali Loss: 0.00015344

2023-07-27 02:57:16,441 - RMSE: 0.06207637, L2 error: 0.00385348, Relative L2 error: 0.04477955,
2023-07-27 02:57:16,518 - Epoch: 84 | Train Loss: 0.00014578 Vali Loss: 0.00014147

2023-07-27 02:59:45,290 - RMSE: 0.08511626, L2 error: 0.00724478, Relative L2 error: 0.08418838,
2023-07-27 02:59:45,369 - Epoch: 85 | Train Loss: 0.00014490 Vali Loss: 0.00020007

2023-07-27 03:02:14,164 - RMSE: 0.06301151, L2 error: 0.00397045, Relative L2 error: 0.04613886,
2023-07-27 03:02:14,244 - Epoch: 86 | Train Loss: 0.00015661 Vali Loss: 0.00014522

2023-07-27 03:04:43,235 - RMSE: 0.06222726, L2 error: 0.00387223, Relative L2 error: 0.04499751,
2023-07-27 03:04:43,314 - Epoch: 87 | Train Loss: 0.00014187 Vali Loss: 0.00014487

2023-07-27 03:07:11,808 - RMSE: 0.06017459, L2 error: 0.00362098, Relative L2 error: 0.04207784,
2023-07-27 03:07:11,888 - Epoch: 88 | Train Loss: 0.00013794 Vali Loss: 0.00014102

2023-07-27 03:09:40,614 - RMSE: 0.06640351, L2 error: 0.00440943, Relative L2 error: 0.05123999,
2023-07-27 03:09:40,692 - Epoch: 89 | Train Loss: 0.00015357 Vali Loss: 0.00015941

2023-07-27 03:12:09,748 - RMSE: 0.05951146, L2 error: 0.00354161, Relative L2 error: 0.04115554,
2023-07-27 03:12:09,827 - Epoch: 90 | Train Loss: 0.00013969 Vali Loss: 0.00013807

2023-07-27 03:14:38,516 - RMSE: 0.05966947, L2 error: 0.00356045, Relative L2 error: 0.04137437,
2023-07-27 03:14:38,596 - Epoch: 91 | Train Loss: 0.00013543 Vali Loss: 0.00013895

2023-07-27 03:17:07,114 - RMSE: 0.05880886, L2 error: 0.00345848, Relative L2 error: 0.04018950,
2023-07-27 03:17:07,192 - Epoch: 92 | Train Loss: 0.00013416 Vali Loss: 0.00013502

2023-07-27 03:19:35,792 - RMSE: 0.05859943, L2 error: 0.00343389, Relative L2 error: 0.03990377,
2023-07-27 03:19:35,871 - Epoch: 93 | Train Loss: 0.00013275 Vali Loss: 0.00013690

2023-07-27 03:22:04,600 - RMSE: 0.05773335, L2 error: 0.00333314, Relative L2 error: 0.03873295,
2023-07-27 03:22:04,682 - Epoch: 94 | Train Loss: 0.00013220 Vali Loss: 0.00013097

2023-07-27 03:24:33,641 - RMSE: 0.05842279, L2 error: 0.00341322, Relative L2 error: 0.03966356,
2023-07-27 03:24:33,721 - Epoch: 95 | Train Loss: 0.00014412 Vali Loss: 0.00014205

2023-07-27 03:27:02,411 - RMSE: 0.05854345, L2 error: 0.00342734, Relative L2 error: 0.03982756,
2023-07-27 03:27:02,492 - Epoch: 96 | Train Loss: 0.00013143 Vali Loss: 0.00013426

2023-07-27 03:29:31,119 - RMSE: 0.05753482, L2 error: 0.00331026, Relative L2 error: 0.03846703,
2023-07-27 03:29:31,198 - Epoch: 97 | Train Loss: 0.00012982 Vali Loss: 0.00013194

2023-07-27 03:31:59,965 - RMSE: 0.05679697, L2 error: 0.00322590, Relative L2 error: 0.03748672,
2023-07-27 03:32:00,045 - Epoch: 98 | Train Loss: 0.00012983 Vali Loss: 0.00013184

2023-07-27 03:34:28,789 - RMSE: 0.07371015, L2 error: 0.00543319, Relative L2 error: 0.06313668,
2023-07-27 03:34:28,869 - Epoch: 99 | Train Loss: 0.00013271 Vali Loss: 0.00018078

2023-07-27 03:36:57,356 - RMSE: 0.05860938, L2 error: 0.00343506, Relative L2 error: 0.03991731,
2023-07-27 03:36:57,437 - Epoch: 100 | Train Loss: 0.00015220 Vali Loss: 0.00013786

2023-07-27 03:39:26,297 - RMSE: 0.05806426, L2 error: 0.00337146, Relative L2 error: 0.03917823,
2023-07-27 03:39:28,195 - Epoch: 101 | Train Loss: 0.00013307 Vali Loss: 0.00013568

2023-07-27 03:41:56,196 - RMSE: 0.06290950, L2 error: 0.00395761, Relative L2 error: 0.04598959,
2023-07-27 03:41:56,266 - Epoch: 102 | Train Loss: 0.00013090 Vali Loss: 0.00014578

2023-07-27 03:44:25,158 - RMSE: 0.05760995, L2 error: 0.00331891, Relative L2 error: 0.03856755,
2023-07-27 03:44:25,244 - Epoch: 103 | Train Loss: 0.00013209 Vali Loss: 0.00013333

2023-07-27 03:46:53,826 - RMSE: 0.05687489, L2 error: 0.00323475, Relative L2 error: 0.03758965,
2023-07-27 03:46:53,890 - Epoch: 104 | Train Loss: 0.00012919 Vali Loss: 0.00013151

2023-07-27 03:49:22,543 - RMSE: 0.05687032, L2 error: 0.00323423, Relative L2 error: 0.03758360,
2023-07-27 03:49:22,604 - Epoch: 105 | Train Loss: 0.00012861 Vali Loss: 0.00013581

2023-07-27 03:51:51,420 - RMSE: 0.06444468, L2 error: 0.00415312, Relative L2 error: 0.04826155,
2023-07-27 03:51:51,484 - Epoch: 106 | Train Loss: 0.00017996 Vali Loss: 0.00014888

2023-07-27 03:54:20,040 - RMSE: 0.05974358, L2 error: 0.00356929, Relative L2 error: 0.04147721,
2023-07-27 03:54:20,106 - Epoch: 107 | Train Loss: 0.00013573 Vali Loss: 0.00013894

2023-07-27 03:56:48,696 - RMSE: 0.05661109, L2 error: 0.00320482, Relative L2 error: 0.03724175,
2023-07-27 03:56:48,756 - Epoch: 108 | Train Loss: 0.00013061 Vali Loss: 0.00013254

2023-07-27 03:59:17,407 - RMSE: 0.05617398, L2 error: 0.00315552, Relative L2 error: 0.03666886,
2023-07-27 03:59:17,472 - Epoch: 109 | Train Loss: 0.00012859 Vali Loss: 0.00013026

2023-07-27 04:01:46,473 - RMSE: 0.05769878, L2 error: 0.00332915, Relative L2 error: 0.03868658,
2023-07-27 04:01:46,537 - Epoch: 110 | Train Loss: 0.00012895 Vali Loss: 0.00013605

2023-07-27 04:04:15,331 - RMSE: 0.05580379, L2 error: 0.00311406, Relative L2 error: 0.03618716,
2023-07-27 04:04:15,396 - Epoch: 111 | Train Loss: 0.00013048 Vali Loss: 0.00012953

2023-07-27 04:06:44,322 - RMSE: 0.05818896, L2 error: 0.00338595, Relative L2 error: 0.03934669,
2023-07-27 04:06:44,386 - Epoch: 112 | Train Loss: 0.00012698 Vali Loss: 0.00013667

2023-07-27 04:09:12,969 - RMSE: 0.05686419, L2 error: 0.00323354, Relative L2 error: 0.03757550,
2023-07-27 04:09:13,034 - Epoch: 113 | Train Loss: 0.00012651 Vali Loss: 0.00013130

2023-07-27 04:11:41,746 - RMSE: 0.05532755, L2 error: 0.00306114, Relative L2 error: 0.03557213,
2023-07-27 04:11:41,811 - Epoch: 114 | Train Loss: 0.00012747 Vali Loss: 0.00012841

2023-07-27 04:14:10,449 - RMSE: 0.05529823, L2 error: 0.00305789, Relative L2 error: 0.03553444,
2023-07-27 04:14:10,513 - Epoch: 115 | Train Loss: 0.00012557 Vali Loss: 0.00012620

2023-07-27 04:16:39,425 - RMSE: 0.05523547, L2 error: 0.00305096, Relative L2 error: 0.03545383,
2023-07-27 04:16:39,483 - Epoch: 116 | Train Loss: 0.00012492 Vali Loss: 0.00013019

2023-07-27 04:19:08,064 - RMSE: 0.05640316, L2 error: 0.00318132, Relative L2 error: 0.03696868,
2023-07-27 04:19:08,105 - Epoch: 117 | Train Loss: 0.00012339 Vali Loss: 0.00013181

2023-07-27 04:21:36,143 - RMSE: 0.05433008, L2 error: 0.00295176, Relative L2 error: 0.03430108,
2023-07-27 04:21:36,207 - Epoch: 118 | Train Loss: 0.00012545 Vali Loss: 0.00012659

2023-07-27 04:24:04,900 - RMSE: 0.05355940, L2 error: 0.00286861, Relative L2 error: 0.03333484,
2023-07-27 04:24:04,964 - Epoch: 119 | Train Loss: 0.00012624 Vali Loss: 0.00012526

2023-07-27 04:26:33,746 - RMSE: 0.05442808, L2 error: 0.00296242, Relative L2 error: 0.03442494,
2023-07-27 04:26:33,810 - Epoch: 120 | Train Loss: 0.00013315 Vali Loss: 0.00012627

2023-07-27 04:29:02,724 - RMSE: 0.05553594, L2 error: 0.00308424, Relative L2 error: 0.03584060,
2023-07-27 04:29:02,790 - Epoch: 121 | Train Loss: 0.00012257 Vali Loss: 0.00012608

2023-07-27 04:31:31,402 - RMSE: 0.11823277, L2 error: 0.01397899, Relative L2 error: 0.16244367,
2023-07-27 04:31:31,466 - Epoch: 122 | Train Loss: 0.00025852 Vali Loss: 0.00025779

2023-07-27 04:34:00,048 - RMSE: 0.11335739, L2 error: 0.01284990, Relative L2 error: 0.14932301,
2023-07-27 04:34:00,113 - Epoch: 123 | Train Loss: 0.00025313 Vali Loss: 0.00024172

2023-07-27 04:36:28,435 - RMSE: 0.11231861, L2 error: 0.01261547, Relative L2 error: 0.14659883,
2023-07-27 04:36:28,499 - Epoch: 124 | Train Loss: 0.00024461 Vali Loss: 0.00024133

2023-07-27 04:38:57,147 - RMSE: 0.11069212, L2 error: 0.01225275, Relative L2 error: 0.14238378,
2023-07-27 04:38:57,214 - Epoch: 125 | Train Loss: 0.00023919 Vali Loss: 0.00024400

2023-07-27 04:41:26,054 - RMSE: 0.10339630, L2 error: 0.01069079, Relative L2 error: 0.12423302,
2023-07-27 04:41:26,119 - Epoch: 126 | Train Loss: 0.00023482 Vali Loss: 0.00022867

2023-07-27 04:43:54,893 - RMSE: 0.06525200, L2 error: 0.00425782, Relative L2 error: 0.04947830,
2023-07-27 04:43:54,959 - Epoch: 127 | Train Loss: 0.00018994 Vali Loss: 0.00015978

2023-07-27 04:46:23,708 - RMSE: 0.05835553, L2 error: 0.00340537, Relative L2 error: 0.03957228,
2023-07-27 04:46:23,774 - Epoch: 128 | Train Loss: 0.00014556 Vali Loss: 0.00013807

2023-07-27 04:48:52,460 - RMSE: 0.05703935, L2 error: 0.00325349, Relative L2 error: 0.03780734,
2023-07-27 04:48:52,519 - Epoch: 129 | Train Loss: 0.00013642 Vali Loss: 0.00013210

2023-07-27 04:51:21,228 - RMSE: 0.05713367, L2 error: 0.00326426, Relative L2 error: 0.03793248,
2023-07-27 04:51:21,287 - Epoch: 130 | Train Loss: 0.00013144 Vali Loss: 0.00013423

2023-07-27 04:53:50,052 - RMSE: 0.05664380, L2 error: 0.00320852, Relative L2 error: 0.03728479,
2023-07-27 04:53:50,115 - Epoch: 131 | Train Loss: 0.00012659 Vali Loss: 0.00013695

2023-07-27 04:56:18,961 - RMSE: 0.05514418, L2 error: 0.00304088, Relative L2 error: 0.03533674,
2023-07-27 04:56:19,026 - Epoch: 132 | Train Loss: 0.00012545 Vali Loss: 0.00012845

2023-07-27 04:58:47,743 - RMSE: 0.05461811, L2 error: 0.00298314, Relative L2 error: 0.03466574,
2023-07-27 04:58:47,808 - Epoch: 133 | Train Loss: 0.00012431 Vali Loss: 0.00012708

2023-07-27 05:01:16,526 - RMSE: 0.05651524, L2 error: 0.00319397, Relative L2 error: 0.03711575,
2023-07-27 05:01:16,585 - Epoch: 134 | Train Loss: 0.00012452 Vali Loss: 0.00013226

2023-07-27 05:03:45,230 - RMSE: 0.05407814, L2 error: 0.00292445, Relative L2 error: 0.03398369,
2023-07-27 05:03:45,297 - Epoch: 135 | Train Loss: 0.00013036 Vali Loss: 0.00012803

2023-07-27 05:06:14,176 - RMSE: 0.05343841, L2 error: 0.00285566, Relative L2 error: 0.03318441,
2023-07-27 05:06:14,242 - Epoch: 136 | Train Loss: 0.00012265 Vali Loss: 0.00012594

2023-07-27 05:08:42,825 - RMSE: 0.05402571, L2 error: 0.00291878, Relative L2 error: 0.03391783,
2023-07-27 05:08:42,892 - Epoch: 137 | Train Loss: 0.00012043 Vali Loss: 0.00012433

2023-07-27 05:11:11,702 - RMSE: 0.05295163, L2 error: 0.00280388, Relative L2 error: 0.03258261,
2023-07-27 05:11:11,761 - Epoch: 138 | Train Loss: 0.00012050 Vali Loss: 0.00012191

2023-07-27 05:13:40,905 - RMSE: 0.05361805, L2 error: 0.00287490, Relative L2 error: 0.03340790,
2023-07-27 05:13:40,968 - Epoch: 139 | Train Loss: 0.00012138 Vali Loss: 0.00012462

2023-07-27 05:16:09,530 - RMSE: 0.05338874, L2 error: 0.00285036, Relative L2 error: 0.03312275,
2023-07-27 05:16:09,593 - Epoch: 140 | Train Loss: 0.00012001 Vali Loss: 0.00012506

2023-07-27 05:18:38,219 - RMSE: 0.05224473, L2 error: 0.00272951, Relative L2 error: 0.03171846,
2023-07-27 05:18:38,284 - Epoch: 141 | Train Loss: 0.00011899 Vali Loss: 0.00012046

2023-07-27 05:21:07,238 - RMSE: 0.05857144, L2 error: 0.00343061, Relative L2 error: 0.03986566,
2023-07-27 05:21:07,303 - Epoch: 142 | Train Loss: 0.00015720 Vali Loss: 0.00013730

2023-07-27 05:23:35,926 - RMSE: 0.05481276, L2 error: 0.00300444, Relative L2 error: 0.03491326,
2023-07-27 05:23:35,991 - Epoch: 143 | Train Loss: 0.00012662 Vali Loss: 0.00012525

2023-07-27 05:26:04,521 - RMSE: 0.05366000, L2 error: 0.00287940, Relative L2 error: 0.03346019,
2023-07-27 05:26:04,586 - Epoch: 144 | Train Loss: 0.00012174 Vali Loss: 0.00012408

2023-07-27 05:28:33,334 - RMSE: 0.05369045, L2 error: 0.00288266, Relative L2 error: 0.03349817,
2023-07-27 05:28:33,399 - Epoch: 145 | Train Loss: 0.00012074 Vali Loss: 0.00012434

2023-07-27 05:31:01,954 - RMSE: 0.05342357, L2 error: 0.00285408, Relative L2 error: 0.03316598,
2023-07-27 05:31:02,018 - Epoch: 146 | Train Loss: 0.00011988 Vali Loss: 0.00012329

2023-07-27 05:33:30,657 - RMSE: 0.16156276, L2 error: 0.02610252, Relative L2 error: 0.30332594,
2023-07-27 05:33:30,723 - Epoch: 147 | Train Loss: 0.00012768 Vali Loss: 0.00043215

2023-07-27 05:35:59,138 - RMSE: 0.10132483, L2 error: 0.01026672, Relative L2 error: 0.11930505,
2023-07-27 05:35:59,207 - Epoch: 148 | Train Loss: 0.00025176 Vali Loss: 0.00021996

2023-07-27 05:38:27,638 - RMSE: 0.06075634, L2 error: 0.00369133, Relative L2 error: 0.04289536,
2023-07-27 05:38:27,703 - Epoch: 149 | Train Loss: 0.00017899 Vali Loss: 0.00014118

2023-07-27 05:40:56,465 - RMSE: 0.05468846, L2 error: 0.00299083, Relative L2 error: 0.03475509,
2023-07-27 05:40:56,533 - Epoch: 150 | Train Loss: 0.00013294 Vali Loss: 0.00012575

2023-07-27 05:43:25,396 - RMSE: 0.05291577, L2 error: 0.00280008, Relative L2 error: 0.03253848,
2023-07-27 05:43:25,462 - Epoch: 151 | Train Loss: 0.00012464 Vali Loss: 0.00011993

2023-07-27 05:45:54,354 - RMSE: 0.05255899, L2 error: 0.00276245, Relative L2 error: 0.03210118,
2023-07-27 05:45:54,395 - Epoch: 152 | Train Loss: 0.00012013 Vali Loss: 0.00012226

2023-07-27 05:48:22,427 - RMSE: 0.05375823, L2 error: 0.00288995, Relative L2 error: 0.03358281,
2023-07-27 05:48:22,492 - Epoch: 153 | Train Loss: 0.00011863 Vali Loss: 0.00012580

2023-07-27 05:50:51,092 - RMSE: 0.05355548, L2 error: 0.00286819, Relative L2 error: 0.03332997,
2023-07-27 05:50:51,156 - Epoch: 154 | Train Loss: 0.00011847 Vali Loss: 0.00012353

2023-07-27 05:53:19,879 - RMSE: 0.05234424, L2 error: 0.00273992, Relative L2 error: 0.03183940,
2023-07-27 05:53:19,945 - Epoch: 155 | Train Loss: 0.00011777 Vali Loss: 0.00011984

2023-07-27 05:55:48,596 - RMSE: 0.05217439, L2 error: 0.00272217, Relative L2 error: 0.03163310,
2023-07-27 05:55:48,658 - Epoch: 156 | Train Loss: 0.00011669 Vali Loss: 0.00011904

2023-07-27 05:58:17,881 - RMSE: 0.05199266, L2 error: 0.00270324, Relative L2 error: 0.03141313,
2023-07-27 05:58:17,948 - Epoch: 157 | Train Loss: 0.00011606 Vali Loss: 0.00012091

2023-07-27 06:00:46,758 - RMSE: 0.05149588, L2 error: 0.00265183, Relative L2 error: 0.03081570,
2023-07-27 06:00:46,822 - Epoch: 158 | Train Loss: 0.00011587 Vali Loss: 0.00012068

2023-07-27 06:03:15,468 - RMSE: 0.05187046, L2 error: 0.00269054, Relative L2 error: 0.03126564,
2023-07-27 06:03:15,508 - Epoch: 159 | Train Loss: 0.00011625 Vali Loss: 0.00011724

2023-07-27 06:05:43,742 - RMSE: 0.05098687, L2 error: 0.00259966, Relative L2 error: 0.03020951,
2023-07-27 06:05:43,809 - Epoch: 160 | Train Loss: 0.00011518 Vali Loss: 0.00011686

2023-07-27 06:08:12,876 - RMSE: 0.05089900, L2 error: 0.00259071, Relative L2 error: 0.03010549,
2023-07-27 06:08:12,942 - Epoch: 161 | Train Loss: 0.00011478 Vali Loss: 0.00011598

2023-07-27 06:10:41,887 - RMSE: 0.05221646, L2 error: 0.00272656, Relative L2 error: 0.03168414,
2023-07-27 06:10:41,952 - Epoch: 162 | Train Loss: 0.00013127 Vali Loss: 0.00011989

2023-07-27 06:13:10,671 - RMSE: 0.05122826, L2 error: 0.00262433, Relative L2 error: 0.03049624,
2023-07-27 06:13:10,737 - Epoch: 163 | Train Loss: 0.00011621 Vali Loss: 0.00011760

2023-07-27 06:15:39,250 - RMSE: 0.05081475, L2 error: 0.00258214, Relative L2 error: 0.03000590,
2023-07-27 06:15:39,315 - Epoch: 164 | Train Loss: 0.00011456 Vali Loss: 0.00011541

2023-07-27 06:18:08,220 - RMSE: 0.05049554, L2 error: 0.00254980, Relative L2 error: 0.02963010,
2023-07-27 06:18:08,285 - Epoch: 165 | Train Loss: 0.00011399 Vali Loss: 0.00011698

2023-07-27 06:20:37,052 - RMSE: 0.05028447, L2 error: 0.00252853, Relative L2 error: 0.02938291,
2023-07-27 06:20:37,117 - Epoch: 166 | Train Loss: 0.00011320 Vali Loss: 0.00011461

2023-07-27 06:23:06,064 - RMSE: 0.05042264, L2 error: 0.00254244, Relative L2 error: 0.02954461,
2023-07-27 06:23:06,130 - Epoch: 167 | Train Loss: 0.00011355 Vali Loss: 0.00011344

2023-07-27 06:25:34,890 - RMSE: 0.05026221, L2 error: 0.00252629, Relative L2 error: 0.02935690,
2023-07-27 06:25:34,931 - Epoch: 168 | Train Loss: 0.00011277 Vali Loss: 0.00011499

2023-07-27 06:28:02,998 - RMSE: 0.05160155, L2 error: 0.00266272, Relative L2 error: 0.03094230,
2023-07-27 06:28:03,064 - Epoch: 169 | Train Loss: 0.00011328 Vali Loss: 0.00011696

2023-07-27 06:30:31,674 - RMSE: 0.05007204, L2 error: 0.00250721, Relative L2 error: 0.02913518,
2023-07-27 06:30:31,740 - Epoch: 170 | Train Loss: 0.00011343 Vali Loss: 0.00011341

2023-07-27 06:33:00,528 - RMSE: 0.04984204, L2 error: 0.00248423, Relative L2 error: 0.02886814,
2023-07-27 06:33:00,592 - Epoch: 171 | Train Loss: 0.00011188 Vali Loss: 0.00011263

2023-07-27 06:35:29,432 - RMSE: 0.05009414, L2 error: 0.00250942, Relative L2 error: 0.02916089,
2023-07-27 06:35:29,493 - Epoch: 172 | Train Loss: 0.00011211 Vali Loss: 0.00011409

2023-07-27 06:37:58,073 - RMSE: 0.05028539, L2 error: 0.00252862, Relative L2 error: 0.02938399,
2023-07-27 06:37:58,139 - Epoch: 173 | Train Loss: 0.00011158 Vali Loss: 0.00011644

2023-07-27 06:40:26,905 - RMSE: 0.04986615, L2 error: 0.00248663, Relative L2 error: 0.02889607,
2023-07-27 06:40:26,976 - Epoch: 174 | Train Loss: 0.00011356 Vali Loss: 0.00011569

2023-07-27 06:42:55,928 - RMSE: 0.04984596, L2 error: 0.00248462, Relative L2 error: 0.02887267,
2023-07-27 06:42:55,993 - Epoch: 175 | Train Loss: 0.00011085 Vali Loss: 0.00011241

2023-07-27 06:45:24,889 - RMSE: 0.06896431, L2 error: 0.00475608, Relative L2 error: 0.05526827,
2023-07-27 06:45:24,955 - Epoch: 176 | Train Loss: 0.00011208 Vali Loss: 0.00019616

2023-07-27 06:47:53,628 - RMSE: 0.05314656, L2 error: 0.00282456, Relative L2 error: 0.03282293,
2023-07-27 06:47:53,687 - Epoch: 177 | Train Loss: 0.00014543 Vali Loss: 0.00012302

2023-07-27 06:50:22,234 - RMSE: 0.05235000, L2 error: 0.00274052, Relative L2 error: 0.03184640,
2023-07-27 06:50:22,294 - Epoch: 178 | Train Loss: 0.00011883 Vali Loss: 0.00012119

2023-07-27 06:52:50,792 - RMSE: 0.05199822, L2 error: 0.00270381, Relative L2 error: 0.03141984,
2023-07-27 06:52:50,832 - Epoch: 179 | Train Loss: 0.00011564 Vali Loss: 0.00012023

2023-07-27 06:55:18,636 - RMSE: 0.05110022, L2 error: 0.00261123, Relative L2 error: 0.03034398,
2023-07-27 06:55:18,700 - Epoch: 180 | Train Loss: 0.00011950 Vali Loss: 0.00011732

2023-07-27 06:57:47,493 - RMSE: 0.05015687, L2 error: 0.00251571, Relative L2 error: 0.02923398,
2023-07-27 06:57:47,558 - Epoch: 181 | Train Loss: 0.00011326 Vali Loss: 0.00011295

2023-07-27 07:00:16,127 - RMSE: 0.05033191, L2 error: 0.00253330, Relative L2 error: 0.02943838,
2023-07-27 07:00:16,189 - Epoch: 182 | Train Loss: 0.00011282 Vali Loss: 0.00011559

2023-07-27 07:02:44,847 - RMSE: 0.05011833, L2 error: 0.00251185, Relative L2 error: 0.02918908,
2023-07-27 07:02:44,913 - Epoch: 183 | Train Loss: 0.00011244 Vali Loss: 0.00011492

2023-07-27 07:05:13,630 - RMSE: 0.04988501, L2 error: 0.00248851, Relative L2 error: 0.02891793,
2023-07-27 07:05:13,695 - Epoch: 184 | Train Loss: 0.00011172 Vali Loss: 0.00011421

2023-07-27 07:07:42,351 - RMSE: 0.04968257, L2 error: 0.00246836, Relative L2 error: 0.02868370,
2023-07-27 07:07:42,409 - Epoch: 185 | Train Loss: 0.00011083 Vali Loss: 0.00011307

2023-07-27 07:10:10,838 - RMSE: 0.04983020, L2 error: 0.00248305, Relative L2 error: 0.02885442,
2023-07-27 07:10:10,902 - Epoch: 186 | Train Loss: 0.00011123 Vali Loss: 0.00011266

2023-07-27 07:12:39,652 - RMSE: 0.04962428, L2 error: 0.00246257, Relative L2 error: 0.02861643,
2023-07-27 07:12:39,708 - Epoch: 187 | Train Loss: 0.00011234 Vali Loss: 0.00011213

2023-07-27 07:15:08,895 - RMSE: 0.04980342, L2 error: 0.00248038, Relative L2 error: 0.02882342,
2023-07-27 07:15:08,961 - Epoch: 188 | Train Loss: 0.00011013 Vali Loss: 0.00011307

2023-07-27 07:17:37,707 - RMSE: 0.04915973, L2 error: 0.00241668, Relative L2 error: 0.02808316,
2023-07-27 07:17:37,769 - Epoch: 189 | Train Loss: 0.00010982 Vali Loss: 0.00011230

2023-07-27 07:20:06,592 - RMSE: 0.05005841, L2 error: 0.00250584, Relative L2 error: 0.02911931,
2023-07-27 07:20:06,657 - Epoch: 190 | Train Loss: 0.00010960 Vali Loss: 0.00011453

2023-07-27 07:22:35,302 - RMSE: 0.04932790, L2 error: 0.00243324, Relative L2 error: 0.02827563,
2023-07-27 07:22:35,365 - Epoch: 191 | Train Loss: 0.00010980 Vali Loss: 0.00011302

2023-07-27 07:25:04,012 - RMSE: 0.04916704, L2 error: 0.00241740, Relative L2 error: 0.02809152,
2023-07-27 07:25:04,076 - Epoch: 192 | Train Loss: 0.00010914 Vali Loss: 0.00011194

2023-07-27 07:27:33,188 - RMSE: 0.04952203, L2 error: 0.00245243, Relative L2 error: 0.02849863,
2023-07-27 07:27:33,252 - Epoch: 193 | Train Loss: 0.00010829 Vali Loss: 0.00011253

2023-07-27 07:30:01,951 - RMSE: 0.04903145, L2 error: 0.00240408, Relative L2 error: 0.02793679,
2023-07-27 07:30:02,018 - Epoch: 194 | Train Loss: 0.00010889 Vali Loss: 0.00011118

2023-07-27 07:32:30,767 - RMSE: 0.04916817, L2 error: 0.00241751, Relative L2 error: 0.02809281,
2023-07-27 07:32:30,832 - Epoch: 195 | Train Loss: 0.00010929 Vali Loss: 0.00011357

2023-07-27 07:34:59,583 - RMSE: 0.04873277, L2 error: 0.00237488, Relative L2 error: 0.02759747,
2023-07-27 07:34:59,650 - Epoch: 196 | Train Loss: 0.00010854 Vali Loss: 0.00011153

2023-07-27 07:37:28,049 - RMSE: 0.04881686, L2 error: 0.00238309, Relative L2 error: 0.02769279,
2023-07-27 07:37:28,087 - Epoch: 197 | Train Loss: 0.00010835 Vali Loss: 0.00011133

2023-07-27 07:39:56,098 - RMSE: 0.04978722, L2 error: 0.00247877, Relative L2 error: 0.02880467,
2023-07-27 07:39:56,129 - Epoch: 198 | Train Loss: 0.00010761 Vali Loss: 0.00011352

2023-07-27 07:42:23,992 - RMSE: 0.04834084, L2 error: 0.00233684, Relative L2 error: 0.02715535,
2023-07-27 07:42:24,024 - Epoch: 199 | Train Loss: 0.00010754 Vali Loss: 0.00011051

2023-07-27 07:44:53,481 - RMSE: 0.04951050, L2 error: 0.00245129, Relative L2 error: 0.02848536,
2023-07-27 07:44:53,512 - Epoch: 200 | Train Loss: 0.00010897 Vali Loss: 0.00011310

2023-07-27 07:47:23,150 - RMSE: 0.04830161, L2 error: 0.00233305, Relative L2 error: 0.02711130,
2023-07-27 07:47:24,251 - Epoch: 201 | Train Loss: 0.00010661 Vali Loss: 0.00011051

2023-07-27 07:49:52,581 - RMSE: 0.04827849, L2 error: 0.00233081, Relative L2 error: 0.02708535,
2023-07-27 07:49:52,611 - Epoch: 202 | Train Loss: 0.00010692 Vali Loss: 0.00011154

2023-07-27 07:52:22,780 - RMSE: 0.04858832, L2 error: 0.00236083, Relative L2 error: 0.02743411,
2023-07-27 07:52:22,809 - Epoch: 203 | Train Loss: 0.00010681 Vali Loss: 0.00010946

2023-07-27 07:54:51,261 - RMSE: 0.04810613, L2 error: 0.00231420, Relative L2 error: 0.02689230,
2023-07-27 07:54:51,288 - Epoch: 204 | Train Loss: 0.00010704 Vali Loss: 0.00010879

2023-07-27 07:57:19,391 - RMSE: 0.04826060, L2 error: 0.00232909, Relative L2 error: 0.02706528,
2023-07-27 07:57:19,418 - Epoch: 205 | Train Loss: 0.00010626 Vali Loss: 0.00011176

2023-07-27 07:59:47,039 - RMSE: 0.04793103, L2 error: 0.00229738, Relative L2 error: 0.02669688,
2023-07-27 07:59:47,066 - Epoch: 206 | Train Loss: 0.00010651 Vali Loss: 0.00010912

2023-07-27 08:02:14,912 - RMSE: 0.04761350, L2 error: 0.00226705, Relative L2 error: 0.02634434,
2023-07-27 08:02:14,944 - Epoch: 207 | Train Loss: 0.00010589 Vali Loss: 0.00010815

2023-07-27 08:04:42,636 - RMSE: 0.04776828, L2 error: 0.00228181, Relative L2 error: 0.02651589,
2023-07-27 08:04:42,665 - Epoch: 208 | Train Loss: 0.00010671 Vali Loss: 0.00010892

2023-07-27 08:07:09,899 - RMSE: 0.04807492, L2 error: 0.00231120, Relative L2 error: 0.02685742,
2023-07-27 08:07:09,928 - Epoch: 209 | Train Loss: 0.00010547 Vali Loss: 0.00010963

2023-07-27 08:09:37,273 - RMSE: 0.04755934, L2 error: 0.00226189, Relative L2 error: 0.02628444,
2023-07-27 08:09:37,302 - Epoch: 210 | Train Loss: 0.00010523 Vali Loss: 0.00010803

2023-07-27 08:12:04,888 - RMSE: 0.05239733, L2 error: 0.00274548, Relative L2 error: 0.03190402,
2023-07-27 08:12:04,916 - Epoch: 211 | Train Loss: 0.00014215 Vali Loss: 0.00012120

2023-07-27 08:14:32,507 - RMSE: 0.04878301, L2 error: 0.00237978, Relative L2 error: 0.02765440,
2023-07-27 08:14:32,536 - Epoch: 212 | Train Loss: 0.00011100 Vali Loss: 0.00011105

2023-07-27 08:17:00,229 - RMSE: 0.04800685, L2 error: 0.00230466, Relative L2 error: 0.02678141,
2023-07-27 08:17:00,258 - Epoch: 213 | Train Loss: 0.00010772 Vali Loss: 0.00010876

2023-07-27 08:19:27,921 - RMSE: 0.04771807, L2 error: 0.00227701, Relative L2 error: 0.02646018,
2023-07-27 08:19:27,949 - Epoch: 214 | Train Loss: 0.00010583 Vali Loss: 0.00010819

2023-07-27 08:21:55,806 - RMSE: 0.04824708, L2 error: 0.00232778, Relative L2 error: 0.02705012,
2023-07-27 08:21:55,838 - Epoch: 215 | Train Loss: 0.00010542 Vali Loss: 0.00010996

2023-07-27 08:24:23,701 - RMSE: 0.04840523, L2 error: 0.00234307, Relative L2 error: 0.02722775,
2023-07-27 08:24:23,728 - Epoch: 216 | Train Loss: 0.00010533 Vali Loss: 0.00011082

2023-07-27 08:26:51,392 - RMSE: 0.04823307, L2 error: 0.00232643, Relative L2 error: 0.02703441,
2023-07-27 08:26:51,428 - Epoch: 217 | Train Loss: 0.00010525 Vali Loss: 0.00011063

2023-07-27 08:29:19,353 - RMSE: 0.04759088, L2 error: 0.00226489, Relative L2 error: 0.02631931,
2023-07-27 08:29:19,385 - Epoch: 218 | Train Loss: 0.00010494 Vali Loss: 0.00010848

2023-07-27 08:31:47,167 - RMSE: 0.04753865, L2 error: 0.00225992, Relative L2 error: 0.02626157,
2023-07-27 08:31:47,193 - Epoch: 219 | Train Loss: 0.00010478 Vali Loss: 0.00010733

2023-07-27 08:34:15,035 - RMSE: 0.04795279, L2 error: 0.00229947, Relative L2 error: 0.02672113,
2023-07-27 08:34:15,062 - Epoch: 220 | Train Loss: 0.00010464 Vali Loss: 0.00011024

2023-07-27 08:36:42,690 - RMSE: 0.04843675, L2 error: 0.00234612, Relative L2 error: 0.02726322,
2023-07-27 08:36:42,721 - Epoch: 221 | Train Loss: 0.00010439 Vali Loss: 0.00011122

2023-07-27 08:39:18,653 - RMSE: 0.04716826, L2 error: 0.00222484, Relative L2 error: 0.02585394,
2023-07-27 08:39:18,693 - Epoch: 222 | Train Loss: 0.00010467 Vali Loss: 0.00010598

2023-07-27 08:41:54,847 - RMSE: 0.04766874, L2 error: 0.00227231, Relative L2 error: 0.02640550,
2023-07-27 08:41:54,896 - Epoch: 223 | Train Loss: 0.00010433 Vali Loss: 0.00010752

2023-07-27 08:44:25,487 - RMSE: 0.04715639, L2 error: 0.00222373, Relative L2 error: 0.02584093,
2023-07-27 08:44:25,533 - Epoch: 224 | Train Loss: 0.00010377 Vali Loss: 0.00010686

2023-07-27 08:46:55,329 - RMSE: 0.04699092, L2 error: 0.00220815, Relative L2 error: 0.02565989,
2023-07-27 08:46:55,364 - Epoch: 225 | Train Loss: 0.00010391 Vali Loss: 0.00010653

2023-07-27 08:49:24,990 - RMSE: 0.04719841, L2 error: 0.00222769, Relative L2 error: 0.02588700,
2023-07-27 08:49:25,026 - Epoch: 226 | Train Loss: 0.00010370 Vali Loss: 0.00010656

2023-07-27 08:51:54,860 - RMSE: 0.04700280, L2 error: 0.00220926, Relative L2 error: 0.02567288,
2023-07-27 08:51:54,896 - Epoch: 227 | Train Loss: 0.00010338 Vali Loss: 0.00010884

2023-07-27 08:54:24,470 - RMSE: 0.04812961, L2 error: 0.00231646, Relative L2 error: 0.02691856,
2023-07-27 08:54:24,504 - Epoch: 228 | Train Loss: 0.00010343 Vali Loss: 0.00011355

2023-07-27 08:56:54,118 - RMSE: 0.04676989, L2 error: 0.00218742, Relative L2 error: 0.02541908,
2023-07-27 08:56:54,154 - Epoch: 229 | Train Loss: 0.00010423 Vali Loss: 0.00010582

2023-07-27 08:59:24,042 - RMSE: 0.04661829, L2 error: 0.00217327, Relative L2 error: 0.02525456,
2023-07-27 08:59:24,076 - Epoch: 230 | Train Loss: 0.00010288 Vali Loss: 0.00010663

2023-07-27 09:01:53,491 - RMSE: 0.04646079, L2 error: 0.00215860, Relative L2 error: 0.02508420,
2023-07-27 09:01:53,526 - Epoch: 231 | Train Loss: 0.00010305 Vali Loss: 0.00010462

2023-07-27 09:04:23,408 - RMSE: 0.04669101, L2 error: 0.00218005, Relative L2 error: 0.02533340,
2023-07-27 09:04:23,442 - Epoch: 232 | Train Loss: 0.00010296 Vali Loss: 0.00010554

2023-07-27 09:06:53,002 - RMSE: 0.04668793, L2 error: 0.00217976, Relative L2 error: 0.02533007,
2023-07-27 09:06:53,038 - Epoch: 233 | Train Loss: 0.00010268 Vali Loss: 0.00010501

2023-07-27 09:09:22,518 - RMSE: 0.04640456, L2 error: 0.00215338, Relative L2 error: 0.02502352,
2023-07-27 09:09:22,553 - Epoch: 234 | Train Loss: 0.00010248 Vali Loss: 0.00010413

2023-07-27 09:11:52,477 - RMSE: 0.04646944, L2 error: 0.00215941, Relative L2 error: 0.02509353,
2023-07-27 09:11:52,512 - Epoch: 235 | Train Loss: 0.00010261 Vali Loss: 0.00010458

2023-07-27 09:14:21,961 - RMSE: 0.04633000, L2 error: 0.00214647, Relative L2 error: 0.02494318,
2023-07-27 09:14:21,995 - Epoch: 236 | Train Loss: 0.00010231 Vali Loss: 0.00010478

2023-07-27 09:16:51,308 - RMSE: 0.04656080, L2 error: 0.00216791, Relative L2 error: 0.02519231,
2023-07-27 09:16:51,342 - Epoch: 237 | Train Loss: 0.00010206 Vali Loss: 0.00010569

2023-07-27 09:19:20,933 - RMSE: 0.04631248, L2 error: 0.00214485, Relative L2 error: 0.02492431,
2023-07-27 09:19:20,968 - Epoch: 238 | Train Loss: 0.00010238 Vali Loss: 0.00010529

2023-07-27 09:21:50,536 - RMSE: 0.04624943, L2 error: 0.00213901, Relative L2 error: 0.02485649,
2023-07-27 09:21:50,572 - Epoch: 239 | Train Loss: 0.00010315 Vali Loss: 0.00010486

2023-07-27 09:24:20,048 - RMSE: 0.04614387, L2 error: 0.00212926, Relative L2 error: 0.02474316,
2023-07-27 09:24:20,087 - Epoch: 240 | Train Loss: 0.00010142 Vali Loss: 0.00010404

2023-07-27 09:26:49,745 - RMSE: 0.04611088, L2 error: 0.00212621, Relative L2 error: 0.02470779,
2023-07-27 09:26:49,782 - Epoch: 241 | Train Loss: 0.00010175 Vali Loss: 0.00010473

2023-07-27 09:29:30,463 - RMSE: 0.04633184, L2 error: 0.00214664, Relative L2 error: 0.02494515,
2023-07-27 09:29:30,506 - Epoch: 242 | Train Loss: 0.00010143 Vali Loss: 0.00010574

2023-07-27 09:32:07,612 - RMSE: 0.04598963, L2 error: 0.00211505, Relative L2 error: 0.02457802,
2023-07-27 09:32:07,658 - Epoch: 243 | Train Loss: 0.00010134 Vali Loss: 0.00010416

2023-07-27 09:34:36,876 - RMSE: 0.04713433, L2 error: 0.00222165, Relative L2 error: 0.02581676,
2023-07-27 09:34:36,920 - Epoch: 244 | Train Loss: 0.00010182 Vali Loss: 0.00010753

2023-07-27 09:37:06,339 - RMSE: 0.04621881, L2 error: 0.00213618, Relative L2 error: 0.02482359,
2023-07-27 09:37:06,389 - Epoch: 245 | Train Loss: 0.00010151 Vali Loss: 0.00010473

2023-07-27 09:39:35,754 - RMSE: 0.04595708, L2 error: 0.00211205, Relative L2 error: 0.02454325,
2023-07-27 09:39:35,803 - Epoch: 246 | Train Loss: 0.00010093 Vali Loss: 0.00010502

2023-07-27 09:42:04,997 - RMSE: 0.04617835, L2 error: 0.00213244, Relative L2 error: 0.02478014,
2023-07-27 09:42:05,043 - Epoch: 247 | Train Loss: 0.00010124 Vali Loss: 0.00010424

2023-07-27 09:44:34,226 - RMSE: 0.04602557, L2 error: 0.00211835, Relative L2 error: 0.02461645,
2023-07-27 09:44:34,273 - Epoch: 248 | Train Loss: 0.00010068 Vali Loss: 0.00010402

2023-07-27 09:47:18,590 - RMSE: 0.04624203, L2 error: 0.00213833, Relative L2 error: 0.02484854,
2023-07-27 09:47:18,643 - Epoch: 249 | Train Loss: 0.00010075 Vali Loss: 0.00010495

2023-07-27 09:49:57,579 - RMSE: 0.04583235, L2 error: 0.00210060, Relative L2 error: 0.02441020,
2023-07-27 09:49:57,631 - Epoch: 250 | Train Loss: 0.00010031 Vali Loss: 0.00010378

2023-07-27 09:52:39,280 - RMSE: 0.04594282, L2 error: 0.00211074, Relative L2 error: 0.02452802,
2023-07-27 09:52:39,339 - Epoch: 251 | Train Loss: 0.00010040 Vali Loss: 0.00010385

2023-07-27 09:55:11,147 - RMSE: 0.04589078, L2 error: 0.00210596, Relative L2 error: 0.02447248,
2023-07-27 09:55:11,201 - Epoch: 252 | Train Loss: 0.00010050 Vali Loss: 0.00010309

2023-07-27 09:57:41,240 - RMSE: 0.04580524, L2 error: 0.00209812, Relative L2 error: 0.02438133,
2023-07-27 09:57:41,292 - Epoch: 253 | Train Loss: 0.00010021 Vali Loss: 0.00010447

2023-07-27 10:00:35,324 - RMSE: 0.04574101, L2 error: 0.00209224, Relative L2 error: 0.02431301,
2023-07-27 10:00:35,409 - Epoch: 254 | Train Loss: 0.00010012 Vali Loss: 0.00010368

2023-07-27 10:03:12,825 - RMSE: 0.04580060, L2 error: 0.00209769, Relative L2 error: 0.02437639,
2023-07-27 10:03:12,889 - Epoch: 255 | Train Loss: 0.00010007 Vali Loss: 0.00010512

2023-07-27 10:06:01,832 - RMSE: 0.04565648, L2 error: 0.00208451, Relative L2 error: 0.02422322,
2023-07-27 10:06:01,870 - Epoch: 256 | Train Loss: 0.00010021 Vali Loss: 0.00010244

2023-07-27 10:08:50,157 - RMSE: 0.04568957, L2 error: 0.00208754, Relative L2 error: 0.02425835,
2023-07-27 10:08:50,195 - Epoch: 257 | Train Loss: 0.00009968 Vali Loss: 0.00010293

2023-07-27 10:11:37,314 - RMSE: 0.04567691, L2 error: 0.00208638, Relative L2 error: 0.02424491,
2023-07-27 10:11:37,355 - Epoch: 258 | Train Loss: 0.00009995 Vali Loss: 0.00010310

2023-07-27 10:14:06,389 - RMSE: 0.04557106, L2 error: 0.00207672, Relative L2 error: 0.02413267,
2023-07-27 10:14:06,436 - Epoch: 259 | Train Loss: 0.00009971 Vali Loss: 0.00010311

2023-07-27 10:17:32,504 - RMSE: 0.04541590, L2 error: 0.00206260, Relative L2 error: 0.02396861,
2023-07-27 10:17:32,648 - Epoch: 260 | Train Loss: 0.00009963 Vali Loss: 0.00010264

2023-07-27 10:27:25,154 - RMSE: 0.04545651, L2 error: 0.00206629, Relative L2 error: 0.02401150,
2023-07-27 10:27:25,630 - Epoch: 261 | Train Loss: 0.00009927 Vali Loss: 0.00010280

2023-07-27 10:32:02,427 - RMSE: 0.04550607, L2 error: 0.00207080, Relative L2 error: 0.02406388,
2023-07-27 10:32:02,835 - Epoch: 262 | Train Loss: 0.00009923 Vali Loss: 0.00010337

2023-07-27 10:35:14,182 - RMSE: 0.04562625, L2 error: 0.00208175, Relative L2 error: 0.02419116,
2023-07-27 10:35:14,285 - Epoch: 263 | Train Loss: 0.00009947 Vali Loss: 0.00010395

2023-07-27 10:37:54,428 - RMSE: 0.04571474, L2 error: 0.00208984, Relative L2 error: 0.02428508,
2023-07-27 10:37:54,512 - Epoch: 264 | Train Loss: 0.00009935 Vali Loss: 0.00010472

2023-07-27 10:40:35,519 - RMSE: 0.04518294, L2 error: 0.00204150, Relative L2 error: 0.02372336,
2023-07-27 10:40:35,598 - Epoch: 265 | Train Loss: 0.00009874 Vali Loss: 0.00010179

2023-07-27 10:43:17,391 - RMSE: 0.04660743, L2 error: 0.00217225, Relative L2 error: 0.02524280,
2023-07-27 10:43:17,466 - Epoch: 266 | Train Loss: 0.00011660 Vali Loss: 0.00010585

2023-07-27 10:45:55,716 - RMSE: 0.04567431, L2 error: 0.00208614, Relative L2 error: 0.02424215,
2023-07-27 10:45:55,819 - Epoch: 267 | Train Loss: 0.00010045 Vali Loss: 0.00010360

2023-07-27 10:48:42,814 - RMSE: 0.04558562, L2 error: 0.00207805, Relative L2 error: 0.02414809,
2023-07-27 10:48:42,916 - Epoch: 268 | Train Loss: 0.00009931 Vali Loss: 0.00010289

2023-07-27 10:51:32,280 - RMSE: 0.04536725, L2 error: 0.00205819, Relative L2 error: 0.02391729,
2023-07-27 10:51:32,333 - Epoch: 269 | Train Loss: 0.00009898 Vali Loss: 0.00010353

2023-07-27 10:54:34,858 - RMSE: 0.04513623, L2 error: 0.00203728, Relative L2 error: 0.02367432,
2023-07-27 10:54:34,988 - Epoch: 270 | Train Loss: 0.00009879 Vali Loss: 0.00010124

2023-07-27 10:57:09,806 - RMSE: 0.04517040, L2 error: 0.00204036, Relative L2 error: 0.02371018,
2023-07-27 10:57:09,844 - Epoch: 271 | Train Loss: 0.00009850 Vali Loss: 0.00010152

2023-07-27 11:01:07,997 - RMSE: 0.04523986, L2 error: 0.00204664, Relative L2 error: 0.02378316,
2023-07-27 11:01:08,088 - Epoch: 272 | Train Loss: 0.00009848 Vali Loss: 0.00010203

2023-07-27 11:03:44,550 - RMSE: 0.04495767, L2 error: 0.00202119, Relative L2 error: 0.02348738,
2023-07-27 11:03:44,625 - Epoch: 273 | Train Loss: 0.00009835 Vali Loss: 0.00010058

2023-07-27 11:06:22,509 - RMSE: 0.04514119, L2 error: 0.00203773, Relative L2 error: 0.02367953,
2023-07-27 11:06:22,611 - Epoch: 274 | Train Loss: 0.00009845 Vali Loss: 0.00010135

2023-07-27 11:09:00,724 - RMSE: 0.04535746, L2 error: 0.00205730, Relative L2 error: 0.02390697,
2023-07-27 11:09:00,807 - Epoch: 275 | Train Loss: 0.00009829 Vali Loss: 0.00010212

2023-07-27 11:11:34,691 - RMSE: 0.04493099, L2 error: 0.00201879, Relative L2 error: 0.02345951,
2023-07-27 11:11:34,788 - Epoch: 276 | Train Loss: 0.00009833 Vali Loss: 0.00010087

2023-07-27 11:14:15,617 - RMSE: 0.04504177, L2 error: 0.00202876, Relative L2 error: 0.02357534,
2023-07-27 11:14:15,724 - Epoch: 277 | Train Loss: 0.00009785 Vali Loss: 0.00010255

2023-07-27 11:16:50,632 - RMSE: 0.04506363, L2 error: 0.00203073, Relative L2 error: 0.02359823,
2023-07-27 11:16:50,882 - Epoch: 278 | Train Loss: 0.00009809 Vali Loss: 0.00010191

2023-07-27 11:19:20,516 - RMSE: 0.04496349, L2 error: 0.00202172, Relative L2 error: 0.02349347,
2023-07-27 11:19:20,601 - Epoch: 279 | Train Loss: 0.00009770 Vali Loss: 0.00010124

2023-07-27 11:21:55,399 - RMSE: 0.04495425, L2 error: 0.00202088, Relative L2 error: 0.02348381,
2023-07-27 11:21:55,482 - Epoch: 280 | Train Loss: 0.00009769 Vali Loss: 0.00010126

2023-07-27 11:24:24,743 - RMSE: 0.04483399, L2 error: 0.00201009, Relative L2 error: 0.02335833,
2023-07-27 11:24:24,798 - Epoch: 281 | Train Loss: 0.00009744 Vali Loss: 0.00010041

2023-07-27 11:26:54,796 - RMSE: 0.04477733, L2 error: 0.00200501, Relative L2 error: 0.02329933,
2023-07-27 11:26:54,844 - Epoch: 282 | Train Loss: 0.00009770 Vali Loss: 0.00010075

2023-07-27 11:29:28,966 - RMSE: 0.04502763, L2 error: 0.00202749, Relative L2 error: 0.02356054,
2023-07-27 11:29:29,059 - Epoch: 283 | Train Loss: 0.00009745 Vali Loss: 0.00010263

2023-07-27 11:32:02,918 - RMSE: 0.04470854, L2 error: 0.00199885, Relative L2 error: 0.02322780,
2023-07-27 11:32:02,987 - Epoch: 284 | Train Loss: 0.00009737 Vali Loss: 0.00010025

2023-07-27 11:34:35,299 - RMSE: 0.04501485, L2 error: 0.00202634, Relative L2 error: 0.02354717,
2023-07-27 11:34:35,355 - Epoch: 285 | Train Loss: 0.00009743 Vali Loss: 0.00010159

2023-07-27 11:37:05,002 - RMSE: 0.04481082, L2 error: 0.00200801, Relative L2 error: 0.02333420,
2023-07-27 11:37:05,057 - Epoch: 286 | Train Loss: 0.00009723 Vali Loss: 0.00010153

2023-07-27 11:40:10,996 - RMSE: 0.04472797, L2 error: 0.00200059, Relative L2 error: 0.02324799,
2023-07-27 11:40:11,117 - Epoch: 287 | Train Loss: 0.00009705 Vali Loss: 0.00010052

2023-07-27 11:44:00,402 - RMSE: 0.04459831, L2 error: 0.00198901, Relative L2 error: 0.02311340,
2023-07-27 11:44:00,575 - Epoch: 288 | Train Loss: 0.00009698 Vali Loss: 0.00010019

2023-07-27 11:47:34,626 - RMSE: 0.04462646, L2 error: 0.00199152, Relative L2 error: 0.02314259,
2023-07-27 11:47:34,747 - Epoch: 289 | Train Loss: 0.00009694 Vali Loss: 0.00010025

2023-07-27 11:50:46,166 - RMSE: 0.04481030, L2 error: 0.00200796, Relative L2 error: 0.02333366,
2023-07-27 11:50:46,273 - Epoch: 290 | Train Loss: 0.00009671 Vali Loss: 0.00010131

2023-07-27 11:53:46,122 - RMSE: 0.04446524, L2 error: 0.00197716, Relative L2 error: 0.02297568,
2023-07-27 11:53:46,226 - Epoch: 291 | Train Loss: 0.00009688 Vali Loss: 0.00009973

2023-07-27 11:56:51,364 - RMSE: 0.04443738, L2 error: 0.00197468, Relative L2 error: 0.02294690,
2023-07-27 11:56:51,490 - Epoch: 292 | Train Loss: 0.00009669 Vali Loss: 0.00009994

2023-07-27 12:00:00,830 - RMSE: 0.04435986, L2 error: 0.00196780, Relative L2 error: 0.02286690,
2023-07-27 12:00:00,949 - Epoch: 293 | Train Loss: 0.00009642 Vali Loss: 0.00009927

2023-07-27 12:02:58,383 - RMSE: 0.04457077, L2 error: 0.00198655, Relative L2 error: 0.02308486,
2023-07-27 12:02:58,498 - Epoch: 294 | Train Loss: 0.00009631 Vali Loss: 0.00010047

2023-07-27 12:06:04,952 - RMSE: 0.04452055, L2 error: 0.00198208, Relative L2 error: 0.02303287,
2023-07-27 12:06:05,064 - Epoch: 295 | Train Loss: 0.00009642 Vali Loss: 0.00009966

2023-07-27 12:09:05,085 - RMSE: 0.04445297, L2 error: 0.00197607, Relative L2 error: 0.02296300,
2023-07-27 12:09:05,206 - Epoch: 296 | Train Loss: 0.00009618 Vali Loss: 0.00010058

2023-07-27 12:12:09,572 - RMSE: 0.04442595, L2 error: 0.00197367, Relative L2 error: 0.02293510,
2023-07-27 12:12:09,717 - Epoch: 297 | Train Loss: 0.00009635 Vali Loss: 0.00009979

2023-07-27 12:14:58,158 - RMSE: 0.04425406, L2 error: 0.00195842, Relative L2 error: 0.02275795,
2023-07-27 12:14:58,247 - Epoch: 298 | Train Loss: 0.00009615 Vali Loss: 0.00009980

2023-07-27 12:17:39,462 - RMSE: 0.04429070, L2 error: 0.00196167, Relative L2 error: 0.02279565,
2023-07-27 12:17:39,546 - Epoch: 299 | Train Loss: 0.00009607 Vali Loss: 0.00009963

2023-07-27 12:20:20,196 - RMSE: 0.04425189, L2 error: 0.00195823, Relative L2 error: 0.02275573,
2023-07-27 12:20:20,280 - Epoch: 300 | Train Loss: 0.00009624 Vali Loss: 0.00009947

2023-07-27 12:23:01,295 - RMSE: 0.04422079, L2 error: 0.00195548, Relative L2 error: 0.02272375,
2023-07-27 12:23:02,595 - Epoch: 301 | Train Loss: 0.00009572 Vali Loss: 0.00009919

2023-07-27 12:25:45,344 - RMSE: 0.04436284, L2 error: 0.00196806, Relative L2 error: 0.02286998,
2023-07-27 12:25:45,436 - Epoch: 302 | Train Loss: 0.00009566 Vali Loss: 0.00009924

2023-07-27 12:28:25,487 - RMSE: 0.04419146, L2 error: 0.00195289, Relative L2 error: 0.02269362,
2023-07-27 12:28:25,568 - Epoch: 303 | Train Loss: 0.00009573 Vali Loss: 0.00009975

2023-07-27 12:31:03,983 - RMSE: 0.04414254, L2 error: 0.00194856, Relative L2 error: 0.02264341,
2023-07-27 12:31:04,048 - Epoch: 304 | Train Loss: 0.00009577 Vali Loss: 0.00009876

2023-07-27 12:33:39,441 - RMSE: 0.04420022, L2 error: 0.00195366, Relative L2 error: 0.02270262,
2023-07-27 12:33:39,504 - Epoch: 305 | Train Loss: 0.00009531 Vali Loss: 0.00009911

2023-07-27 12:36:19,822 - RMSE: 0.04404870, L2 error: 0.00194029, Relative L2 error: 0.02254723,
2023-07-27 12:36:19,920 - Epoch: 306 | Train Loss: 0.00009555 Vali Loss: 0.00009845

2023-07-27 12:38:56,164 - RMSE: 0.04399147, L2 error: 0.00193525, Relative L2 error: 0.02248869,
2023-07-27 12:38:56,233 - Epoch: 307 | Train Loss: 0.00009532 Vali Loss: 0.00009836

2023-07-27 12:41:36,676 - RMSE: 0.04414872, L2 error: 0.00194911, Relative L2 error: 0.02264974,
2023-07-27 12:41:36,764 - Epoch: 308 | Train Loss: 0.00009542 Vali Loss: 0.00009941

2023-07-27 12:44:10,958 - RMSE: 0.04408128, L2 error: 0.00194316, Relative L2 error: 0.02258060,
2023-07-27 12:44:11,024 - Epoch: 309 | Train Loss: 0.00009546 Vali Loss: 0.00009870

2023-07-27 12:46:51,028 - RMSE: 0.04402087, L2 error: 0.00193784, Relative L2 error: 0.02251875,
2023-07-27 12:46:51,091 - Epoch: 310 | Train Loss: 0.00009528 Vali Loss: 0.00009896

2023-07-27 12:49:24,297 - RMSE: 0.04401365, L2 error: 0.00193720, Relative L2 error: 0.02251136,
2023-07-27 12:49:24,357 - Epoch: 311 | Train Loss: 0.00009523 Vali Loss: 0.00009927

2023-07-27 12:52:03,013 - RMSE: 0.04394187, L2 error: 0.00193089, Relative L2 error: 0.02243800,
2023-07-27 12:52:03,073 - Epoch: 312 | Train Loss: 0.00009505 Vali Loss: 0.00009871

2023-07-27 12:54:39,644 - RMSE: 0.04394768, L2 error: 0.00193140, Relative L2 error: 0.02244394,
2023-07-27 12:54:39,718 - Epoch: 313 | Train Loss: 0.00009496 Vali Loss: 0.00009842

2023-07-27 12:57:12,818 - RMSE: 0.04388853, L2 error: 0.00192620, Relative L2 error: 0.02238356,
2023-07-27 12:57:12,895 - Epoch: 314 | Train Loss: 0.00009491 Vali Loss: 0.00009817

2023-07-27 12:59:50,031 - RMSE: 0.04386967, L2 error: 0.00192455, Relative L2 error: 0.02236432,
2023-07-27 12:59:50,095 - Epoch: 315 | Train Loss: 0.00009461 Vali Loss: 0.00009858

2023-07-27 13:02:29,541 - RMSE: 0.04392299, L2 error: 0.00192923, Relative L2 error: 0.02241873,
2023-07-27 13:02:29,600 - Epoch: 316 | Train Loss: 0.00009484 Vali Loss: 0.00009846

2023-07-27 13:05:00,669 - RMSE: 0.04381096, L2 error: 0.00191940, Relative L2 error: 0.02230451,
2023-07-27 13:05:00,730 - Epoch: 317 | Train Loss: 0.00009456 Vali Loss: 0.00009807

2023-07-27 13:07:41,391 - RMSE: 0.04390788, L2 error: 0.00192790, Relative L2 error: 0.02240330,
2023-07-27 13:07:41,448 - Epoch: 318 | Train Loss: 0.00009473 Vali Loss: 0.00009841

2023-07-27 13:10:12,813 - RMSE: 0.04377343, L2 error: 0.00191611, Relative L2 error: 0.02226631,
2023-07-27 13:10:12,868 - Epoch: 319 | Train Loss: 0.00009467 Vali Loss: 0.00009800

2023-07-27 13:12:43,473 - RMSE: 0.04398497, L2 error: 0.00193468, Relative L2 error: 0.02248204,
2023-07-27 13:12:43,540 - Epoch: 320 | Train Loss: 0.00009436 Vali Loss: 0.00009904

2023-07-27 13:15:16,521 - RMSE: 0.04372050, L2 error: 0.00191148, Relative L2 error: 0.02221250,
2023-07-27 13:15:16,609 - Epoch: 321 | Train Loss: 0.00009445 Vali Loss: 0.00009780

2023-07-27 13:17:55,432 - RMSE: 0.04378656, L2 error: 0.00191726, Relative L2 error: 0.02227967,
2023-07-27 13:17:55,488 - Epoch: 322 | Train Loss: 0.00009442 Vali Loss: 0.00009782

2023-07-27 13:20:32,847 - RMSE: 0.04376387, L2 error: 0.00191528, Relative L2 error: 0.02225659,
2023-07-27 13:20:32,902 - Epoch: 323 | Train Loss: 0.00009436 Vali Loss: 0.00009819

2023-07-27 13:23:03,186 - RMSE: 0.04371508, L2 error: 0.00191101, Relative L2 error: 0.02220699,
2023-07-27 13:23:03,237 - Epoch: 324 | Train Loss: 0.00009410 Vali Loss: 0.00009776

2023-07-27 13:25:33,399 - RMSE: 0.04363821, L2 error: 0.00190429, Relative L2 error: 0.02212895,
2023-07-27 13:25:33,455 - Epoch: 325 | Train Loss: 0.00009423 Vali Loss: 0.00009713

2023-07-27 13:28:03,464 - RMSE: 0.04363442, L2 error: 0.00190396, Relative L2 error: 0.02212511,
2023-07-27 13:28:03,558 - Epoch: 326 | Train Loss: 0.00009405 Vali Loss: 0.00009767

2023-07-27 13:30:33,235 - RMSE: 0.04363952, L2 error: 0.00190441, Relative L2 error: 0.02213028,
2023-07-27 13:30:33,361 - Epoch: 327 | Train Loss: 0.00009388 Vali Loss: 0.00009734

2023-07-27 13:33:02,196 - RMSE: 0.04373867, L2 error: 0.00191307, Relative L2 error: 0.02223096,
2023-07-27 13:33:02,248 - Epoch: 328 | Train Loss: 0.00009416 Vali Loss: 0.00009811

2023-07-27 13:35:31,099 - RMSE: 0.04374123, L2 error: 0.00191330, Relative L2 error: 0.02223357,
2023-07-27 13:35:31,157 - Epoch: 329 | Train Loss: 0.00009384 Vali Loss: 0.00009826

2023-07-27 13:38:08,328 - RMSE: 0.04356482, L2 error: 0.00189789, Relative L2 error: 0.02205458,
2023-07-27 13:38:08,438 - Epoch: 330 | Train Loss: 0.00009398 Vali Loss: 0.00009791

2023-07-27 13:40:38,055 - RMSE: 0.04353757, L2 error: 0.00189552, Relative L2 error: 0.02202701,
2023-07-27 13:40:38,108 - Epoch: 331 | Train Loss: 0.00009387 Vali Loss: 0.00009767

2023-07-27 13:43:07,162 - RMSE: 0.04346798, L2 error: 0.00188947, Relative L2 error: 0.02195665,
2023-07-27 13:43:07,212 - Epoch: 332 | Train Loss: 0.00009360 Vali Loss: 0.00009707

2023-07-27 13:45:36,298 - RMSE: 0.04351119, L2 error: 0.00189322, Relative L2 error: 0.02200032,
2023-07-27 13:45:36,347 - Epoch: 333 | Train Loss: 0.00009358 Vali Loss: 0.00009736

2023-07-27 13:48:05,678 - RMSE: 0.04346478, L2 error: 0.00188919, Relative L2 error: 0.02195342,
2023-07-27 13:48:05,734 - Epoch: 334 | Train Loss: 0.00009344 Vali Loss: 0.00009684

2023-07-27 13:50:35,459 - RMSE: 0.04358186, L2 error: 0.00189938, Relative L2 error: 0.02207185,
2023-07-27 13:50:35,530 - Epoch: 335 | Train Loss: 0.00009356 Vali Loss: 0.00009718

2023-07-27 13:53:10,279 - RMSE: 0.04345067, L2 error: 0.00188796, Relative L2 error: 0.02193916,
2023-07-27 13:53:10,329 - Epoch: 336 | Train Loss: 0.00009348 Vali Loss: 0.00009727

2023-07-27 13:55:39,728 - RMSE: 0.04347179, L2 error: 0.00188980, Relative L2 error: 0.02196049,
2023-07-27 13:55:39,774 - Epoch: 337 | Train Loss: 0.00009365 Vali Loss: 0.00009736

2023-07-27 13:58:10,556 - RMSE: 0.04346409, L2 error: 0.00188913, Relative L2 error: 0.02195271,
2023-07-27 13:58:10,657 - Epoch: 338 | Train Loss: 0.00009321 Vali Loss: 0.00009676

2023-07-27 14:00:39,882 - RMSE: 0.04341259, L2 error: 0.00188465, Relative L2 error: 0.02190072,
2023-07-27 14:00:39,959 - Epoch: 339 | Train Loss: 0.00009315 Vali Loss: 0.00009715

2023-07-27 14:03:16,452 - RMSE: 0.04335899, L2 error: 0.00188000, Relative L2 error: 0.02184667,
2023-07-27 14:03:16,539 - Epoch: 340 | Train Loss: 0.00009316 Vali Loss: 0.00009681

2023-07-27 14:05:45,178 - RMSE: 0.04332541, L2 error: 0.00187709, Relative L2 error: 0.02181285,
2023-07-27 14:05:45,227 - Epoch: 341 | Train Loss: 0.00009315 Vali Loss: 0.00009668

2023-07-27 14:08:15,039 - RMSE: 0.04333730, L2 error: 0.00187812, Relative L2 error: 0.02182482,
2023-07-27 14:08:15,095 - Epoch: 342 | Train Loss: 0.00009333 Vali Loss: 0.00009656

2023-07-27 14:10:47,088 - RMSE: 0.04334686, L2 error: 0.00187895, Relative L2 error: 0.02183445,
2023-07-27 14:10:47,210 - Epoch: 343 | Train Loss: 0.00009303 Vali Loss: 0.00009675

2023-07-27 14:13:16,385 - RMSE: 0.04327846, L2 error: 0.00187302, Relative L2 error: 0.02176560,
2023-07-27 14:13:16,500 - Epoch: 344 | Train Loss: 0.00009286 Vali Loss: 0.00009657

2023-07-27 14:16:00,322 - RMSE: 0.04328906, L2 error: 0.00187394, Relative L2 error: 0.02177627,
2023-07-27 14:16:00,485 - Epoch: 345 | Train Loss: 0.00009303 Vali Loss: 0.00009672

2023-07-27 14:18:39,944 - RMSE: 0.04328697, L2 error: 0.00187376, Relative L2 error: 0.02177416,
2023-07-27 14:18:39,997 - Epoch: 346 | Train Loss: 0.00009286 Vali Loss: 0.00009658

2023-07-27 14:21:29,453 - RMSE: 0.04326320, L2 error: 0.00187170, Relative L2 error: 0.02175025,
2023-07-27 14:21:29,577 - Epoch: 347 | Train Loss: 0.00009287 Vali Loss: 0.00009681

2023-07-27 14:24:14,790 - RMSE: 0.04323008, L2 error: 0.00186884, Relative L2 error: 0.02171696,
2023-07-27 14:24:14,895 - Epoch: 348 | Train Loss: 0.00009271 Vali Loss: 0.00009642

2023-07-27 14:27:17,241 - RMSE: 0.04321846, L2 error: 0.00186784, Relative L2 error: 0.02170530,
2023-07-27 14:27:17,346 - Epoch: 349 | Train Loss: 0.00009275 Vali Loss: 0.00009637

2023-07-27 14:30:14,832 - RMSE: 0.04318255, L2 error: 0.00186473, Relative L2 error: 0.02166924,
2023-07-27 14:30:14,927 - Epoch: 350 | Train Loss: 0.00009266 Vali Loss: 0.00009618

2023-07-27 14:32:56,405 - RMSE: 0.04320647, L2 error: 0.00186680, Relative L2 error: 0.02169325,
2023-07-27 14:32:56,566 - Epoch: 351 | Train Loss: 0.00009256 Vali Loss: 0.00009666

2023-07-27 14:35:35,390 - RMSE: 0.04321163, L2 error: 0.00186724, Relative L2 error: 0.02169843,
2023-07-27 14:35:35,497 - Epoch: 352 | Train Loss: 0.00009250 Vali Loss: 0.00009635

2023-07-27 14:39:44,417 - RMSE: 0.04311270, L2 error: 0.00185870, Relative L2 error: 0.02159919,
2023-07-27 14:39:44,910 - Epoch: 353 | Train Loss: 0.00009246 Vali Loss: 0.00009593

2023-07-27 14:42:58,069 - RMSE: 0.04310991, L2 error: 0.00185846, Relative L2 error: 0.02159640,
2023-07-27 14:42:58,202 - Epoch: 354 | Train Loss: 0.00009250 Vali Loss: 0.00009605

2023-07-27 14:50:22,201 - RMSE: 0.04312669, L2 error: 0.00185991, Relative L2 error: 0.02161322,
2023-07-27 14:50:22,387 - Epoch: 355 | Train Loss: 0.00009234 Vali Loss: 0.00009613

2023-07-27 14:57:58,754 - RMSE: 0.04321156, L2 error: 0.00186724, Relative L2 error: 0.02169836,
2023-07-27 14:57:59,016 - Epoch: 356 | Train Loss: 0.00009268 Vali Loss: 0.00009664

2023-07-27 15:04:34,663 - RMSE: 0.04304489, L2 error: 0.00185286, Relative L2 error: 0.02153130,
2023-07-27 15:04:35,815 - Epoch: 357 | Train Loss: 0.00009224 Vali Loss: 0.00009594

2023-07-27 15:11:33,777 - RMSE: 0.04304525, L2 error: 0.00185289, Relative L2 error: 0.02153166,
2023-07-27 15:11:33,853 - Epoch: 358 | Train Loss: 0.00009233 Vali Loss: 0.00009639

2023-07-27 15:17:57,106 - RMSE: 0.04298969, L2 error: 0.00184811, Relative L2 error: 0.02147611,
2023-07-27 15:17:57,214 - Epoch: 359 | Train Loss: 0.00009212 Vali Loss: 0.00009583

2023-07-27 15:24:18,672 - RMSE: 0.04303690, L2 error: 0.00185217, Relative L2 error: 0.02152331,
2023-07-27 15:24:18,805 - Epoch: 360 | Train Loss: 0.00009225 Vali Loss: 0.00009615

2023-07-27 15:31:48,832 - RMSE: 0.04304051, L2 error: 0.00185249, Relative L2 error: 0.02152692,
2023-07-27 15:31:49,045 - Epoch: 361 | Train Loss: 0.00009204 Vali Loss: 0.00009580

2023-07-27 15:39:05,649 - RMSE: 0.04298109, L2 error: 0.00184737, Relative L2 error: 0.02146752,
2023-07-27 15:39:05,785 - Epoch: 362 | Train Loss: 0.00009207 Vali Loss: 0.00009583

2023-07-27 15:45:39,529 - RMSE: 0.04305889, L2 error: 0.00185407, Relative L2 error: 0.02154531,
2023-07-27 15:45:39,627 - Epoch: 363 | Train Loss: 0.00009202 Vali Loss: 0.00009587

2023-07-27 15:50:41,390 - RMSE: 0.04299815, L2 error: 0.00184884, Relative L2 error: 0.02148457,
2023-07-27 15:50:41,486 - Epoch: 364 | Train Loss: 0.00009196 Vali Loss: 0.00009589

2023-07-27 15:54:46,151 - RMSE: 0.04304818, L2 error: 0.00185315, Relative L2 error: 0.02153459,
2023-07-27 15:54:46,210 - Epoch: 365 | Train Loss: 0.00009204 Vali Loss: 0.00009580

2023-07-27 15:59:27,547 - RMSE: 0.04291822, L2 error: 0.00184197, Relative L2 error: 0.02140476,
2023-07-27 15:59:27,654 - Epoch: 366 | Train Loss: 0.00009183 Vali Loss: 0.00009552

2023-07-27 16:02:44,908 - RMSE: 0.04295366, L2 error: 0.00184502, Relative L2 error: 0.02144013,
2023-07-27 16:02:44,971 - Epoch: 367 | Train Loss: 0.00009184 Vali Loss: 0.00009584

2023-07-27 16:05:43,825 - RMSE: 0.04292156, L2 error: 0.00184226, Relative L2 error: 0.02140809,
2023-07-27 16:05:43,915 - Epoch: 368 | Train Loss: 0.00009177 Vali Loss: 0.00009568

2023-07-27 16:08:47,708 - RMSE: 0.04290858, L2 error: 0.00184115, Relative L2 error: 0.02139515,
2023-07-27 16:08:47,922 - Epoch: 369 | Train Loss: 0.00009176 Vali Loss: 0.00009557

2023-07-27 16:12:52,480 - RMSE: 0.04288591, L2 error: 0.00183920, Relative L2 error: 0.02137255,
2023-07-27 16:12:52,639 - Epoch: 370 | Train Loss: 0.00009168 Vali Loss: 0.00009550

2023-07-27 16:16:52,676 - RMSE: 0.04288846, L2 error: 0.00183942, Relative L2 error: 0.02137509,
2023-07-27 16:16:52,833 - Epoch: 371 | Train Loss: 0.00009176 Vali Loss: 0.00009547

2023-07-27 16:20:55,716 - RMSE: 0.04287674, L2 error: 0.00183841, Relative L2 error: 0.02136341,
2023-07-27 16:20:55,775 - Epoch: 372 | Train Loss: 0.00009168 Vali Loss: 0.00009557

2023-07-27 16:29:44,927 - RMSE: 0.04285846, L2 error: 0.00183685, Relative L2 error: 0.02134519,
2023-07-27 16:29:46,475 - Epoch: 373 | Train Loss: 0.00009159 Vali Loss: 0.00009553

2023-07-27 17:08:31,134 - RMSE: 0.04283525, L2 error: 0.00183486, Relative L2 error: 0.02132208,
2023-07-27 17:08:31,405 - Epoch: 374 | Train Loss: 0.00009145 Vali Loss: 0.00009549

2023-07-27 17:35:31,034 - RMSE: 0.04289746, L2 error: 0.00184019, Relative L2 error: 0.02138406,
2023-07-27 17:35:32,111 - Epoch: 375 | Train Loss: 0.00009151 Vali Loss: 0.00009614

2023-07-27 17:40:11,239 - RMSE: 0.04283188, L2 error: 0.00183457, Relative L2 error: 0.02131873,
2023-07-27 17:40:11,380 - Epoch: 376 | Train Loss: 0.00009161 Vali Loss: 0.00009543

2023-07-27 17:42:59,076 - RMSE: 0.04277696, L2 error: 0.00182987, Relative L2 error: 0.02126409,
2023-07-27 17:42:59,162 - Epoch: 377 | Train Loss: 0.00009149 Vali Loss: 0.00009512

2023-07-27 17:45:57,277 - RMSE: 0.04278832, L2 error: 0.00183084, Relative L2 error: 0.02127539,
2023-07-27 17:45:57,407 - Epoch: 378 | Train Loss: 0.00009145 Vali Loss: 0.00009520

2023-07-27 17:48:27,148 - RMSE: 0.04276877, L2 error: 0.00182917, Relative L2 error: 0.02125596,
2023-07-27 17:48:27,202 - Epoch: 379 | Train Loss: 0.00009133 Vali Loss: 0.00009532

2023-07-27 17:50:56,778 - RMSE: 0.04274863, L2 error: 0.00182745, Relative L2 error: 0.02123594,
2023-07-27 17:50:56,835 - Epoch: 380 | Train Loss: 0.00009132 Vali Loss: 0.00009528

2023-07-27 17:53:26,359 - RMSE: 0.04275522, L2 error: 0.00182801, Relative L2 error: 0.02124249,
2023-07-27 17:53:26,415 - Epoch: 381 | Train Loss: 0.00009129 Vali Loss: 0.00009506

2023-07-27 17:55:56,116 - RMSE: 0.04273712, L2 error: 0.00182646, Relative L2 error: 0.02122451,
2023-07-27 17:55:56,171 - Epoch: 382 | Train Loss: 0.00009127 Vali Loss: 0.00009501

2023-07-27 17:58:25,902 - RMSE: 0.04272773, L2 error: 0.00182566, Relative L2 error: 0.02121518,
2023-07-27 17:58:25,959 - Epoch: 383 | Train Loss: 0.00009115 Vali Loss: 0.00009508

2023-07-27 18:00:55,340 - RMSE: 0.04271550, L2 error: 0.00182461, Relative L2 error: 0.02120304,
2023-07-27 18:00:55,396 - Epoch: 384 | Train Loss: 0.00009118 Vali Loss: 0.00009504

2023-07-27 18:03:24,896 - RMSE: 0.04271483, L2 error: 0.00182456, Relative L2 error: 0.02120237,
2023-07-27 18:03:24,952 - Epoch: 385 | Train Loss: 0.00009116 Vali Loss: 0.00009508

2023-07-27 18:05:54,797 - RMSE: 0.04268304, L2 error: 0.00182184, Relative L2 error: 0.02117083,
2023-07-27 18:05:54,849 - Epoch: 386 | Train Loss: 0.00009108 Vali Loss: 0.00009493

2023-07-27 18:08:24,953 - RMSE: 0.04269109, L2 error: 0.00182253, Relative L2 error: 0.02117881,
2023-07-27 18:08:25,003 - Epoch: 387 | Train Loss: 0.00009105 Vali Loss: 0.00009487

2023-07-27 18:10:58,037 - RMSE: 0.04268936, L2 error: 0.00182238, Relative L2 error: 0.02117710,
2023-07-27 18:10:58,135 - Epoch: 388 | Train Loss: 0.00009109 Vali Loss: 0.00009490

2023-07-27 18:13:29,655 - RMSE: 0.04265584, L2 error: 0.00181952, Relative L2 error: 0.02114385,
2023-07-27 18:13:29,701 - Epoch: 389 | Train Loss: 0.00009108 Vali Loss: 0.00009523

2023-07-27 18:15:59,229 - RMSE: 0.04264935, L2 error: 0.00181897, Relative L2 error: 0.02113742,
2023-07-27 18:15:59,276 - Epoch: 390 | Train Loss: 0.00009110 Vali Loss: 0.00009486

2023-07-27 18:18:28,727 - RMSE: 0.04263477, L2 error: 0.00181772, Relative L2 error: 0.02112297,
2023-07-27 18:18:28,774 - Epoch: 391 | Train Loss: 0.00009090 Vali Loss: 0.00009490

2023-07-27 18:20:57,895 - RMSE: 0.04268534, L2 error: 0.00182204, Relative L2 error: 0.02117310,
2023-07-27 18:20:57,942 - Epoch: 392 | Train Loss: 0.00009091 Vali Loss: 0.00009505

2023-07-27 18:23:27,013 - RMSE: 0.04261128, L2 error: 0.00181572, Relative L2 error: 0.02109969,
2023-07-27 18:23:27,058 - Epoch: 393 | Train Loss: 0.00009090 Vali Loss: 0.00009489

2023-07-27 18:25:56,064 - RMSE: 0.04260614, L2 error: 0.00181528, Relative L2 error: 0.02109461,
2023-07-27 18:25:56,112 - Epoch: 394 | Train Loss: 0.00009089 Vali Loss: 0.00009470

2023-07-27 18:28:25,752 - RMSE: 0.04259763, L2 error: 0.00181456, Relative L2 error: 0.02108618,
2023-07-27 18:28:25,804 - Epoch: 395 | Train Loss: 0.00009081 Vali Loss: 0.00009483

2023-07-27 18:30:55,056 - RMSE: 0.04259185, L2 error: 0.00181407, Relative L2 error: 0.02108046,
2023-07-27 18:30:55,109 - Epoch: 396 | Train Loss: 0.00009079 Vali Loss: 0.00009474

2023-07-27 18:33:24,225 - RMSE: 0.04258034, L2 error: 0.00181309, Relative L2 error: 0.02106906,
2023-07-27 18:33:24,275 - Epoch: 397 | Train Loss: 0.00009073 Vali Loss: 0.00009473

2023-07-27 18:35:53,641 - RMSE: 0.04263381, L2 error: 0.00181764, Relative L2 error: 0.02112202,
2023-07-27 18:35:53,694 - Epoch: 398 | Train Loss: 0.00009081 Vali Loss: 0.00009479

2023-07-27 18:38:22,943 - RMSE: 0.04258045, L2 error: 0.00181309, Relative L2 error: 0.02106918,
2023-07-27 18:38:22,993 - Epoch: 399 | Train Loss: 0.00009071 Vali Loss: 0.00009490

2023-07-27 18:40:52,172 - RMSE: 0.04255002, L2 error: 0.00181050, Relative L2 error: 0.02103908,
2023-07-27 18:40:52,212 - Epoch: 400 | Train Loss: 0.00009069 Vali Loss: 0.00009461

2023-07-27 18:43:21,739 - RMSE: 0.04255161, L2 error: 0.00181064, Relative L2 error: 0.02104064,
2023-07-27 18:43:22,913 - Epoch: 401 | Train Loss: 0.00009064 Vali Loss: 0.00009459

2023-07-27 18:45:52,448 - RMSE: 0.04255908, L2 error: 0.00181128, Relative L2 error: 0.02104804,
2023-07-27 18:45:52,500 - Epoch: 402 | Train Loss: 0.00009064 Vali Loss: 0.00009463

2023-07-27 18:48:21,591 - RMSE: 0.04253244, L2 error: 0.00180901, Relative L2 error: 0.02102169,
2023-07-27 18:48:21,635 - Epoch: 403 | Train Loss: 0.00009062 Vali Loss: 0.00009454

2023-07-27 18:50:51,073 - RMSE: 0.04252012, L2 error: 0.00180796, Relative L2 error: 0.02100952,
2023-07-27 18:50:51,123 - Epoch: 404 | Train Loss: 0.00009061 Vali Loss: 0.00009462

2023-07-27 18:53:20,744 - RMSE: 0.04250772, L2 error: 0.00180691, Relative L2 error: 0.02099726,
2023-07-27 18:53:20,801 - Epoch: 405 | Train Loss: 0.00009059 Vali Loss: 0.00009451

2023-07-27 18:55:51,362 - RMSE: 0.04250499, L2 error: 0.00180667, Relative L2 error: 0.02099456,
2023-07-27 18:55:51,416 - Epoch: 406 | Train Loss: 0.00009056 Vali Loss: 0.00009451

2023-07-27 18:58:21,336 - RMSE: 0.04247563, L2 error: 0.00180418, Relative L2 error: 0.02096557,
2023-07-27 18:58:21,389 - Epoch: 407 | Train Loss: 0.00009049 Vali Loss: 0.00009446

2023-07-27 19:00:51,054 - RMSE: 0.04249305, L2 error: 0.00180566, Relative L2 error: 0.02098278,
2023-07-27 19:00:51,108 - Epoch: 408 | Train Loss: 0.00009049 Vali Loss: 0.00009441

2023-07-27 19:03:20,856 - RMSE: 0.04247307, L2 error: 0.00180396, Relative L2 error: 0.02096304,
2023-07-27 19:03:20,911 - Epoch: 409 | Train Loss: 0.00009049 Vali Loss: 0.00009440

2023-07-27 19:05:50,515 - RMSE: 0.04246674, L2 error: 0.00180342, Relative L2 error: 0.02095680,
2023-07-27 19:05:50,569 - Epoch: 410 | Train Loss: 0.00009039 Vali Loss: 0.00009432

2023-07-27 19:08:20,491 - RMSE: 0.04244875, L2 error: 0.00180190, Relative L2 error: 0.02093905,
2023-07-27 19:08:20,546 - Epoch: 411 | Train Loss: 0.00009037 Vali Loss: 0.00009433

2023-07-27 19:10:50,017 - RMSE: 0.04245826, L2 error: 0.00180270, Relative L2 error: 0.02094843,
2023-07-27 19:10:50,060 - Epoch: 412 | Train Loss: 0.00009038 Vali Loss: 0.00009435

2023-07-27 19:13:19,419 - RMSE: 0.04244292, L2 error: 0.00180140, Relative L2 error: 0.02093330,
2023-07-27 19:13:19,480 - Epoch: 413 | Train Loss: 0.00009037 Vali Loss: 0.00009433

2023-07-27 19:15:48,843 - RMSE: 0.04243062, L2 error: 0.00180036, Relative L2 error: 0.02092116,
2023-07-27 19:15:48,888 - Epoch: 414 | Train Loss: 0.00009032 Vali Loss: 0.00009426

2023-07-27 19:18:19,052 - RMSE: 0.04242743, L2 error: 0.00180009, Relative L2 error: 0.02091802,
2023-07-27 19:18:19,107 - Epoch: 415 | Train Loss: 0.00009030 Vali Loss: 0.00009424

2023-07-27 19:20:48,876 - RMSE: 0.04242510, L2 error: 0.00179989, Relative L2 error: 0.02091572,
2023-07-27 19:20:48,949 - Epoch: 416 | Train Loss: 0.00009029 Vali Loss: 0.00009423

2023-07-27 19:23:18,505 - RMSE: 0.04240451, L2 error: 0.00179814, Relative L2 error: 0.02089543,
2023-07-27 19:23:18,559 - Epoch: 417 | Train Loss: 0.00009026 Vali Loss: 0.00009427

2023-07-27 19:25:47,940 - RMSE: 0.04241109, L2 error: 0.00179870, Relative L2 error: 0.02090191,
2023-07-27 19:25:47,995 - Epoch: 418 | Train Loss: 0.00009026 Vali Loss: 0.00009426

2023-07-27 19:28:17,411 - RMSE: 0.04240556, L2 error: 0.00179823, Relative L2 error: 0.02089646,
2023-07-27 19:28:17,465 - Epoch: 419 | Train Loss: 0.00009021 Vali Loss: 0.00009424

2023-07-27 19:30:47,932 - RMSE: 0.04239524, L2 error: 0.00179736, Relative L2 error: 0.02088628,
2023-07-27 19:30:47,988 - Epoch: 420 | Train Loss: 0.00009020 Vali Loss: 0.00009418

2023-07-27 19:33:19,789 - RMSE: 0.04238182, L2 error: 0.00179622, Relative L2 error: 0.02087306,
2023-07-27 19:33:19,843 - Epoch: 421 | Train Loss: 0.00009017 Vali Loss: 0.00009417

2023-07-27 19:35:51,427 - RMSE: 0.04240243, L2 error: 0.00179797, Relative L2 error: 0.02089337,
2023-07-27 19:35:51,483 - Epoch: 422 | Train Loss: 0.00009016 Vali Loss: 0.00009429

2023-07-27 19:38:22,290 - RMSE: 0.04236612, L2 error: 0.00179489, Relative L2 error: 0.02085761,
2023-07-27 19:38:22,363 - Epoch: 423 | Train Loss: 0.00009015 Vali Loss: 0.00009410

2023-07-27 19:40:53,652 - RMSE: 0.04236103, L2 error: 0.00179446, Relative L2 error: 0.02085259,
2023-07-27 19:40:53,707 - Epoch: 424 | Train Loss: 0.00009013 Vali Loss: 0.00009418

2023-07-27 19:43:24,667 - RMSE: 0.04236342, L2 error: 0.00179466, Relative L2 error: 0.02085495,
2023-07-27 19:43:24,723 - Epoch: 425 | Train Loss: 0.00009011 Vali Loss: 0.00009408

2023-07-27 19:45:56,663 - RMSE: 0.04235531, L2 error: 0.00179397, Relative L2 error: 0.02084697,
2023-07-27 19:45:56,719 - Epoch: 426 | Train Loss: 0.00009008 Vali Loss: 0.00009404

2023-07-27 19:48:27,793 - RMSE: 0.04234963, L2 error: 0.00179349, Relative L2 error: 0.02084138,
2023-07-27 19:48:27,848 - Epoch: 427 | Train Loss: 0.00009007 Vali Loss: 0.00009406

2023-07-27 19:50:58,861 - RMSE: 0.04233777, L2 error: 0.00179249, Relative L2 error: 0.02082970,
2023-07-27 19:50:58,916 - Epoch: 428 | Train Loss: 0.00009004 Vali Loss: 0.00009404

2023-07-27 19:53:29,939 - RMSE: 0.04233962, L2 error: 0.00179264, Relative L2 error: 0.02083152,
2023-07-27 19:53:29,995 - Epoch: 429 | Train Loss: 0.00009004 Vali Loss: 0.00009404

2023-07-27 19:56:01,033 - RMSE: 0.04233958, L2 error: 0.00179264, Relative L2 error: 0.02083148,
2023-07-27 19:56:01,090 - Epoch: 430 | Train Loss: 0.00009004 Vali Loss: 0.00009414

2023-07-27 19:58:32,019 - RMSE: 0.04231944, L2 error: 0.00179093, Relative L2 error: 0.02081166,
2023-07-27 19:58:32,075 - Epoch: 431 | Train Loss: 0.00009001 Vali Loss: 0.00009399

2023-07-27 20:01:03,420 - RMSE: 0.04231391, L2 error: 0.00179047, Relative L2 error: 0.02080624,
2023-07-27 20:01:03,475 - Epoch: 432 | Train Loss: 0.00008999 Vali Loss: 0.00009398

2023-07-27 20:03:34,622 - RMSE: 0.04230834, L2 error: 0.00179000, Relative L2 error: 0.02080075,
2023-07-27 20:03:34,678 - Epoch: 433 | Train Loss: 0.00008997 Vali Loss: 0.00009401

2023-07-27 20:06:05,457 - RMSE: 0.04230142, L2 error: 0.00178941, Relative L2 error: 0.02079395,
2023-07-27 20:06:05,512 - Epoch: 434 | Train Loss: 0.00008996 Vali Loss: 0.00009395

2023-07-27 20:08:36,818 - RMSE: 0.04230064, L2 error: 0.00178934, Relative L2 error: 0.02079318,
2023-07-27 20:08:36,873 - Epoch: 435 | Train Loss: 0.00008993 Vali Loss: 0.00009393

2023-07-27 20:11:09,064 - RMSE: 0.04230381, L2 error: 0.00178961, Relative L2 error: 0.02079630,
2023-07-27 20:11:09,159 - Epoch: 436 | Train Loss: 0.00008993 Vali Loss: 0.00009398

2023-07-27 20:13:40,447 - RMSE: 0.04229538, L2 error: 0.00178890, Relative L2 error: 0.02078801,
2023-07-27 20:13:40,503 - Epoch: 437 | Train Loss: 0.00008989 Vali Loss: 0.00009391

2023-07-27 20:16:13,507 - RMSE: 0.04228786, L2 error: 0.00178826, Relative L2 error: 0.02078062,
2023-07-27 20:16:13,600 - Epoch: 438 | Train Loss: 0.00008990 Vali Loss: 0.00009391

2023-07-27 20:18:45,710 - RMSE: 0.04228003, L2 error: 0.00178760, Relative L2 error: 0.02077292,
2023-07-27 20:18:45,766 - Epoch: 439 | Train Loss: 0.00008989 Vali Loss: 0.00009387

2023-07-27 20:21:18,725 - RMSE: 0.04228694, L2 error: 0.00178819, Relative L2 error: 0.02077972,
2023-07-27 20:21:18,783 - Epoch: 440 | Train Loss: 0.00008984 Vali Loss: 0.00009391

2023-07-27 20:23:50,355 - RMSE: 0.04228527, L2 error: 0.00178804, Relative L2 error: 0.02077808,
2023-07-27 20:23:50,410 - Epoch: 441 | Train Loss: 0.00008984 Vali Loss: 0.00009392

2023-07-27 20:26:21,632 - RMSE: 0.04227632, L2 error: 0.00178729, Relative L2 error: 0.02076928,
2023-07-27 20:26:21,734 - Epoch: 442 | Train Loss: 0.00008984 Vali Loss: 0.00009387

2023-07-27 20:28:55,496 - RMSE: 0.04226918, L2 error: 0.00178668, Relative L2 error: 0.02076226,
2023-07-27 20:28:55,595 - Epoch: 443 | Train Loss: 0.00008983 Vali Loss: 0.00009386

2023-07-27 20:31:26,889 - RMSE: 0.04227113, L2 error: 0.00178685, Relative L2 error: 0.02076419,
2023-07-27 20:31:26,947 - Epoch: 444 | Train Loss: 0.00008981 Vali Loss: 0.00009386

2023-07-27 20:33:58,464 - RMSE: 0.04225927, L2 error: 0.00178585, Relative L2 error: 0.02075253,
2023-07-27 20:33:58,518 - Epoch: 445 | Train Loss: 0.00008980 Vali Loss: 0.00009382

2023-07-27 20:36:30,161 - RMSE: 0.04225110, L2 error: 0.00178516, Relative L2 error: 0.02074450,
2023-07-27 20:36:30,217 - Epoch: 446 | Train Loss: 0.00008978 Vali Loss: 0.00009382

2023-07-27 20:39:02,080 - RMSE: 0.04224321, L2 error: 0.00178449, Relative L2 error: 0.02073675,
2023-07-27 20:39:02,136 - Epoch: 447 | Train Loss: 0.00008977 Vali Loss: 0.00009382

2023-07-27 20:41:33,714 - RMSE: 0.04225312, L2 error: 0.00178533, Relative L2 error: 0.02074649,
2023-07-27 20:41:33,819 - Epoch: 448 | Train Loss: 0.00008977 Vali Loss: 0.00009380

2023-07-27 20:44:07,636 - RMSE: 0.04223878, L2 error: 0.00178411, Relative L2 error: 0.02073241,
2023-07-27 20:44:07,693 - Epoch: 449 | Train Loss: 0.00008975 Vali Loss: 0.00009378

2023-07-27 20:46:39,310 - RMSE: 0.04223377, L2 error: 0.00178369, Relative L2 error: 0.02072749,
2023-07-27 20:46:39,365 - Epoch: 450 | Train Loss: 0.00008975 Vali Loss: 0.00009382

2023-07-27 20:49:10,133 - RMSE: 0.04223590, L2 error: 0.00178387, Relative L2 error: 0.02072959,
2023-07-27 20:49:10,189 - Epoch: 451 | Train Loss: 0.00008973 Vali Loss: 0.00009377

2023-07-27 20:51:41,464 - RMSE: 0.04223034, L2 error: 0.00178340, Relative L2 error: 0.02072412,
2023-07-27 20:51:41,521 - Epoch: 452 | Train Loss: 0.00008972 Vali Loss: 0.00009376

2023-07-27 20:54:14,687 - RMSE: 0.04222824, L2 error: 0.00178322, Relative L2 error: 0.02072206,
2023-07-27 20:54:14,742 - Epoch: 453 | Train Loss: 0.00008970 Vali Loss: 0.00009375

2023-07-27 20:56:46,991 - RMSE: 0.04222326, L2 error: 0.00178280, Relative L2 error: 0.02071717,
2023-07-27 20:56:47,049 - Epoch: 454 | Train Loss: 0.00008969 Vali Loss: 0.00009376

2023-07-27 20:59:18,049 - RMSE: 0.04222977, L2 error: 0.00178335, Relative L2 error: 0.02072357,
2023-07-27 20:59:18,104 - Epoch: 455 | Train Loss: 0.00008969 Vali Loss: 0.00009374

2023-07-27 21:01:51,100 - RMSE: 0.04221969, L2 error: 0.00178250, Relative L2 error: 0.02071367,
2023-07-27 21:01:51,155 - Epoch: 456 | Train Loss: 0.00008968 Vali Loss: 0.00009373

2023-07-27 21:04:22,475 - RMSE: 0.04221589, L2 error: 0.00178218, Relative L2 error: 0.02070995,
2023-07-27 21:04:22,531 - Epoch: 457 | Train Loss: 0.00008967 Vali Loss: 0.00009372

2023-07-27 21:06:53,874 - RMSE: 0.04221098, L2 error: 0.00178177, Relative L2 error: 0.02070514,
2023-07-27 21:06:53,928 - Epoch: 458 | Train Loss: 0.00008965 Vali Loss: 0.00009372

2023-07-27 21:09:26,218 - RMSE: 0.04221238, L2 error: 0.00178189, Relative L2 error: 0.02070651,
2023-07-27 21:09:26,273 - Epoch: 459 | Train Loss: 0.00008966 Vali Loss: 0.00009370

2023-07-27 21:11:58,022 - RMSE: 0.04221062, L2 error: 0.00178174, Relative L2 error: 0.02070478,
2023-07-27 21:11:58,076 - Epoch: 460 | Train Loss: 0.00008964 Vali Loss: 0.00009370

2023-07-27 21:14:29,832 - RMSE: 0.04221047, L2 error: 0.00178172, Relative L2 error: 0.02070463,
2023-07-27 21:14:29,887 - Epoch: 461 | Train Loss: 0.00008963 Vali Loss: 0.00009370

2023-07-27 21:17:03,239 - RMSE: 0.04220358, L2 error: 0.00178114, Relative L2 error: 0.02069787,
2023-07-27 21:17:03,295 - Epoch: 462 | Train Loss: 0.00008962 Vali Loss: 0.00009369

2023-07-27 21:19:35,144 - RMSE: 0.04220249, L2 error: 0.00178105, Relative L2 error: 0.02069680,
2023-07-27 21:19:35,200 - Epoch: 463 | Train Loss: 0.00008962 Vali Loss: 0.00009368

2023-07-27 21:22:06,443 - RMSE: 0.04220214, L2 error: 0.00178102, Relative L2 error: 0.02069646,
2023-07-27 21:22:06,501 - Epoch: 464 | Train Loss: 0.00008962 Vali Loss: 0.00009368

2023-07-27 21:24:38,916 - RMSE: 0.04220882, L2 error: 0.00178158, Relative L2 error: 0.02070301,
2023-07-27 21:24:38,972 - Epoch: 465 | Train Loss: 0.00008960 Vali Loss: 0.00009369

2023-07-27 21:27:11,002 - RMSE: 0.04219712, L2 error: 0.00178060, Relative L2 error: 0.02069154,
2023-07-27 21:27:11,058 - Epoch: 466 | Train Loss: 0.00008961 Vali Loss: 0.00009366

2023-07-27 21:29:43,419 - RMSE: 0.04220250, L2 error: 0.00178105, Relative L2 error: 0.02069681,
2023-07-27 21:29:43,523 - Epoch: 467 | Train Loss: 0.00008959 Vali Loss: 0.00009371

2023-07-27 21:32:15,661 - RMSE: 0.04219718, L2 error: 0.00178060, Relative L2 error: 0.02069159,
2023-07-27 21:32:15,737 - Epoch: 468 | Train Loss: 0.00008958 Vali Loss: 0.00009365

2023-07-27 21:34:47,469 - RMSE: 0.04219894, L2 error: 0.00178075, Relative L2 error: 0.02069332,
2023-07-27 21:34:47,527 - Epoch: 469 | Train Loss: 0.00008958 Vali Loss: 0.00009367

2023-07-27 21:37:18,554 - RMSE: 0.04218977, L2 error: 0.00177998, Relative L2 error: 0.02068432,
2023-07-27 21:37:18,612 - Epoch: 470 | Train Loss: 0.00008958 Vali Loss: 0.00009365

2023-07-27 21:39:49,959 - RMSE: 0.04218753, L2 error: 0.00177979, Relative L2 error: 0.02068214,
2023-07-27 21:39:50,015 - Epoch: 471 | Train Loss: 0.00008957 Vali Loss: 0.00009364

2023-07-27 21:42:22,614 - RMSE: 0.04218553, L2 error: 0.00177962, Relative L2 error: 0.02068017,
2023-07-27 21:42:22,669 - Epoch: 472 | Train Loss: 0.00008956 Vali Loss: 0.00009363

2023-07-27 21:44:54,954 - RMSE: 0.04218965, L2 error: 0.00177997, Relative L2 error: 0.02068421,
2023-07-27 21:44:55,058 - Epoch: 473 | Train Loss: 0.00008956 Vali Loss: 0.00009365

2023-07-27 21:47:26,503 - RMSE: 0.04218617, L2 error: 0.00177967, Relative L2 error: 0.02068080,
2023-07-27 21:47:26,558 - Epoch: 474 | Train Loss: 0.00008955 Vali Loss: 0.00009363

2023-07-27 21:49:58,610 - RMSE: 0.04218447, L2 error: 0.00177953, Relative L2 error: 0.02067913,
2023-07-27 21:49:58,668 - Epoch: 475 | Train Loss: 0.00008955 Vali Loss: 0.00009362

2023-07-27 21:52:29,998 - RMSE: 0.04218386, L2 error: 0.00177948, Relative L2 error: 0.02067853,
2023-07-27 21:52:30,054 - Epoch: 476 | Train Loss: 0.00008955 Vali Loss: 0.00009363

2023-07-27 21:55:01,108 - RMSE: 0.04218142, L2 error: 0.00177927, Relative L2 error: 0.02067614,
2023-07-27 21:55:01,166 - Epoch: 477 | Train Loss: 0.00008954 Vali Loss: 0.00009362

2023-07-27 21:57:34,509 - RMSE: 0.04218097, L2 error: 0.00177923, Relative L2 error: 0.02067570,
2023-07-27 21:57:34,566 - Epoch: 478 | Train Loss: 0.00008954 Vali Loss: 0.00009362

2023-07-27 22:00:06,603 - RMSE: 0.04217757, L2 error: 0.00177895, Relative L2 error: 0.02067236,
2023-07-27 22:00:06,659 - Epoch: 479 | Train Loss: 0.00008953 Vali Loss: 0.00009362

2023-07-27 22:02:37,718 - RMSE: 0.04217904, L2 error: 0.00177907, Relative L2 error: 0.02067381,
2023-07-27 22:02:37,780 - Epoch: 480 | Train Loss: 0.00008953 Vali Loss: 0.00009361

2023-07-27 22:05:10,217 - RMSE: 0.04218084, L2 error: 0.00177922, Relative L2 error: 0.02067557,
2023-07-27 22:05:10,273 - Epoch: 481 | Train Loss: 0.00008953 Vali Loss: 0.00009362

2023-07-27 22:07:41,448 - RMSE: 0.04217833, L2 error: 0.00177901, Relative L2 error: 0.02067311,
2023-07-27 22:07:41,505 - Epoch: 482 | Train Loss: 0.00008952 Vali Loss: 0.00009361

2023-07-27 22:10:13,201 - RMSE: 0.04217600, L2 error: 0.00177881, Relative L2 error: 0.02067083,
2023-07-27 22:10:13,256 - Epoch: 483 | Train Loss: 0.00008952 Vali Loss: 0.00009361

2023-07-27 22:12:45,217 - RMSE: 0.04217715, L2 error: 0.00177891, Relative L2 error: 0.02067195,
2023-07-27 22:12:45,272 - Epoch: 484 | Train Loss: 0.00008952 Vali Loss: 0.00009361

2023-07-27 22:15:17,845 - RMSE: 0.04217607, L2 error: 0.00177882, Relative L2 error: 0.02067089,
2023-07-27 22:15:17,899 - Epoch: 485 | Train Loss: 0.00008953 Vali Loss: 0.00009361

2023-07-27 22:17:49,738 - RMSE: 0.04217473, L2 error: 0.00177871, Relative L2 error: 0.02066958,
2023-07-27 22:17:49,833 - Epoch: 486 | Train Loss: 0.00008952 Vali Loss: 0.00009360

2023-07-27 22:20:21,843 - RMSE: 0.04217602, L2 error: 0.00177882, Relative L2 error: 0.02067085,
2023-07-27 22:20:21,897 - Epoch: 487 | Train Loss: 0.00008952 Vali Loss: 0.00009360

2023-07-27 22:22:53,790 - RMSE: 0.04217567, L2 error: 0.00177879, Relative L2 error: 0.02067050,
2023-07-27 22:22:53,845 - Epoch: 488 | Train Loss: 0.00008952 Vali Loss: 0.00009360

2023-07-27 22:25:25,328 - RMSE: 0.04217476, L2 error: 0.00177871, Relative L2 error: 0.02066961,
2023-07-27 22:25:25,387 - Epoch: 489 | Train Loss: 0.00008950 Vali Loss: 0.00009360

2023-07-27 22:27:56,546 - RMSE: 0.04217477, L2 error: 0.00177871, Relative L2 error: 0.02066962,
2023-07-27 22:27:56,602 - Epoch: 490 | Train Loss: 0.00008951 Vali Loss: 0.00009361

2023-07-27 22:30:29,713 - RMSE: 0.04217450, L2 error: 0.00177869, Relative L2 error: 0.02066936,
2023-07-27 22:30:29,766 - Epoch: 491 | Train Loss: 0.00008950 Vali Loss: 0.00009360

2023-07-27 22:33:01,906 - RMSE: 0.04217414, L2 error: 0.00177866, Relative L2 error: 0.02066900,
2023-07-27 22:33:01,996 - Epoch: 492 | Train Loss: 0.00008950 Vali Loss: 0.00009360

2023-07-27 22:35:33,796 - RMSE: 0.04217353, L2 error: 0.00177861, Relative L2 error: 0.02066840,
2023-07-27 22:35:33,874 - Epoch: 493 | Train Loss: 0.00008950 Vali Loss: 0.00009360

2023-07-27 22:38:07,951 - RMSE: 0.04217317, L2 error: 0.00177858, Relative L2 error: 0.02066806,
2023-07-27 22:38:08,002 - Epoch: 494 | Train Loss: 0.00008950 Vali Loss: 0.00009360

2023-07-27 22:40:42,139 - RMSE: 0.04217342, L2 error: 0.00177860, Relative L2 error: 0.02066830,
2023-07-27 22:40:42,191 - Epoch: 495 | Train Loss: 0.00008950 Vali Loss: 0.00009360

2023-07-27 22:43:13,271 - RMSE: 0.04217351, L2 error: 0.00177860, Relative L2 error: 0.02066838,
2023-07-27 22:43:13,319 - Epoch: 496 | Train Loss: 0.00008951 Vali Loss: 0.00009360

2023-07-27 22:45:44,679 - RMSE: 0.04217304, L2 error: 0.00177856, Relative L2 error: 0.02066792,
2023-07-27 22:45:44,737 - Epoch: 497 | Train Loss: 0.00008950 Vali Loss: 0.00009360

2023-07-27 22:48:18,432 - RMSE: 0.04217334, L2 error: 0.00177859, Relative L2 error: 0.02066822,
2023-07-27 22:48:18,495 - Epoch: 498 | Train Loss: 0.00008950 Vali Loss: 0.00009360

2023-07-27 22:50:50,990 - RMSE: 0.04217334, L2 error: 0.00177859, Relative L2 error: 0.02066822,
2023-07-27 22:50:51,049 - Epoch: 499 | Train Loss: 0.00008950 Vali Loss: 0.00009360

2023-07-27 22:53:22,982 - RMSE: 0.04217333, L2 error: 0.00177859, Relative L2 error: 0.02066821,
2023-07-27 22:53:23,041 - Epoch: 500 | Train Loss: 0.00008949 Vali Loss: 0.00009360

